{"/Users/muhiddin/Desktop/SKILLSTORM/20251027-java-EY/PROJECTS/mktekhub/mktekhub-frontend/src/services/api.ts": {"path":"/Users/muhiddin/Desktop/SKILLSTORM/20251027-java-EY/PROJECTS/mktekhub/mktekhub-frontend/src/services/api.ts","statementMap":{"0":{"start":{"line":5,"column":2},"end":{"line":5,"column":null}},"1":{"start":{"line":7,"column":12},"end":{"line":12,"column":null}},"2":{"start":{"line":15,"column":0},"end":{"line":26,"column":null}},"3":{"start":{"line":17,"column":18},"end":{"line":17,"column":null}},"4":{"start":{"line":18,"column":4},"end":{"line":20,"column":null}},"5":{"start":{"line":19,"column":6},"end":{"line":19,"column":null}},"6":{"start":{"line":21,"column":4},"end":{"line":21,"column":null}},"7":{"start":{"line":24,"column":4},"end":{"line":24,"column":null}},"8":{"start":{"line":29,"column":0},"end":{"line":40,"column":null}},"9":{"start":{"line":30,"column":16},"end":{"line":30,"column":null}},"10":{"start":{"line":32,"column":4},"end":{"line":37,"column":null}},"11":{"start":{"line":34,"column":6},"end":{"line":34,"column":null}},"12":{"start":{"line":35,"column":6},"end":{"line":35,"column":null}},"13":{"start":{"line":36,"column":6},"end":{"line":36,"column":null}},"14":{"start":{"line":38,"column":4},"end":{"line":38,"column":null}}},"fnMap":{"0":{"name":"(anonymous_0)","decl":{"start":{"line":16,"column":2},"end":{"line":16,"column":3}},"loc":{"start":{"line":16,"column":14},"end":{"line":22,"column":null}},"line":16},"1":{"name":"(anonymous_1)","decl":{"start":{"line":23,"column":2},"end":{"line":23,"column":3}},"loc":{"start":{"line":23,"column":13},"end":{"line":25,"column":null}},"line":23},"2":{"name":"(anonymous_2)","decl":{"start":{"line":30,"column":2},"end":{"line":30,"column":3}},"loc":{"start":{"line":30,"column":16},"end":{"line":30,"column":null}},"line":30},"3":{"name":"(anonymous_3)","decl":{"start":{"line":31,"column":2},"end":{"line":31,"column":3}},"loc":{"start":{"line":31,"column":13},"end":{"line":39,"column":null}},"line":31}},"branchMap":{"0":{"loc":{"start":{"line":5,"column":2},"end":{"line":5,"column":null}},"type":"binary-expr","locations":[{"start":{"line":5,"column":2},"end":{"line":5,"column":39}},{"start":{"line":5,"column":39},"end":{"line":5,"column":null}}],"line":5},"1":{"loc":{"start":{"line":18,"column":4},"end":{"line":20,"column":null}},"type":"if","locations":[{"start":{"line":18,"column":4},"end":{"line":20,"column":null}},{"start":{},"end":{}}],"line":18},"2":{"loc":{"start":{"line":32,"column":4},"end":{"line":37,"column":null}},"type":"if","locations":[{"start":{"line":32,"column":4},"end":{"line":37,"column":null}},{"start":{},"end":{}}],"line":32}},"s":{"0":5,"1":5,"2":5,"3":102,"4":102,"5":0,"6":102,"7":0,"8":5,"9":60,"10":42,"11":2,"12":2,"13":2,"14":42},"f":{"0":102,"1":0,"2":60,"3":42},"b":{"0":[5,0],"1":[0,102],"2":[2,40]},"meta":{"lastBranch":3,"lastFunction":4,"lastStatement":15,"seen":{"s:5:2:5:Infinity":0,"b:5:2:5:39:5:39:5:Infinity":0,"s:7:12:12:Infinity":1,"s:15:0:26:Infinity":2,"f:16:2:16:3":0,"s:17:18:17:Infinity":3,"b:18:4:20:Infinity:undefined:undefined:undefined:undefined":1,"s:18:4:20:Infinity":4,"s:19:6:19:Infinity":5,"s:21:4:21:Infinity":6,"f:23:2:23:3":1,"s:24:4:24:Infinity":7,"s:29:0:40:Infinity":8,"f:30:2:30:3":2,"s:30:16:30:Infinity":9,"f:31:2:31:3":3,"b:32:4:37:Infinity:undefined:undefined:undefined:undefined":2,"s:32:4:37:Infinity":10,"s:34:6:34:Infinity":11,"s:35:6:35:Infinity":12,"s:36:6:36:Infinity":13,"s:38:4:38:Infinity":14}}}
,"/Users/muhiddin/Desktop/SKILLSTORM/20251027-java-EY/PROJECTS/mktekhub/mktekhub-frontend/src/services/authService.ts": {"path":"/Users/muhiddin/Desktop/SKILLSTORM/20251027-java-EY/PROJECTS/mktekhub/mktekhub-frontend/src/services/authService.ts","statementMap":{"0":{"start":{"line":4,"column":27},"end":{"line":33,"column":null}},"1":{"start":{"line":6,"column":21},"end":{"line":6,"column":null}},"2":{"start":{"line":7,"column":4},"end":{"line":7,"column":null}},"3":{"start":{"line":11,"column":21},"end":{"line":11,"column":null}},"4":{"start":{"line":12,"column":4},"end":{"line":12,"column":null}},"5":{"start":{"line":16,"column":4},"end":{"line":16,"column":null}},"6":{"start":{"line":17,"column":4},"end":{"line":17,"column":null}},"7":{"start":{"line":21,"column":20},"end":{"line":21,"column":null}},"8":{"start":{"line":22,"column":4},"end":{"line":22,"column":null}},"9":{"start":{"line":26,"column":4},"end":{"line":26,"column":null}},"10":{"start":{"line":30,"column":17},"end":{"line":30,"column":null}},"11":{"start":{"line":31,"column":4},"end":{"line":31,"column":null}}},"fnMap":{"0":{"name":"(anonymous_0)","decl":{"start":{"line":5,"column":9},"end":{"line":5,"column":16}},"loc":{"start":{"line":5,"column":69},"end":{"line":8,"column":null}},"line":5},"1":{"name":"(anonymous_1)","decl":{"start":{"line":10,"column":10},"end":{"line":10,"column":17}},"loc":{"start":{"line":10,"column":58},"end":{"line":13,"column":null}},"line":10},"2":{"name":"(anonymous_2)","decl":{"start":{"line":15,"column":10},"end":{"line":15,"column":16}},"loc":{"start":{"line":15,"column":16},"end":{"line":18,"column":null}},"line":15},"3":{"name":"(anonymous_3)","decl":{"start":{"line":20,"column":18},"end":{"line":20,"column":45}},"loc":{"start":{"line":20,"column":45},"end":{"line":23,"column":null}},"line":20},"4":{"name":"(anonymous_4)","decl":{"start":{"line":25,"column":19},"end":{"line":25,"column":34}},"loc":{"start":{"line":25,"column":34},"end":{"line":27,"column":null}},"line":25},"5":{"name":"(anonymous_5)","decl":{"start":{"line":29,"column":11},"end":{"line":29,"column":12}},"loc":{"start":{"line":29,"column":38},"end":{"line":32,"column":null}},"line":29}},"branchMap":{"0":{"loc":{"start":{"line":22,"column":11},"end":{"line":22,"column":null}},"type":"cond-expr","locations":[{"start":{"line":22,"column":21},"end":{"line":22,"column":43}},{"start":{"line":22,"column":43},"end":{"line":22,"column":null}}],"line":22},"1":{"loc":{"start":{"line":31,"column":11},"end":{"line":31,"column":null}},"type":"binary-expr","locations":[{"start":{"line":31,"column":11},"end":{"line":31,"column":41}},{"start":{"line":31,"column":41},"end":{"line":31,"column":null}}],"line":31}},"s":{"0":1,"1":3,"2":1,"3":3,"4":1,"5":2,"6":2,"7":8,"8":8,"9":3,"10":5,"11":5},"f":{"0":3,"1":3,"2":2,"3":8,"4":3,"5":5},"b":{"0":[6,2],"1":[5,3]},"meta":{"lastBranch":2,"lastFunction":6,"lastStatement":12,"seen":{"s:4:27:33:Infinity":0,"f:5:9:5:16":0,"s:6:21:6:Infinity":1,"s:7:4:7:Infinity":2,"f:10:10:10:17":1,"s:11:21:11:Infinity":3,"s:12:4:12:Infinity":4,"f:15:10:15:16":2,"s:16:4:16:Infinity":5,"s:17:4:17:Infinity":6,"f:20:18:20:45":3,"s:21:20:21:Infinity":7,"s:22:4:22:Infinity":8,"b:22:21:22:43:22:43:22:Infinity":0,"f:25:19:25:34":4,"s:26:4:26:Infinity":9,"f:29:11:29:12":5,"s:30:17:30:Infinity":10,"s:31:4:31:Infinity":11,"b:31:11:31:41:31:41:31:Infinity":1}}}
,"/Users/muhiddin/Desktop/SKILLSTORM/20251027-java-EY/PROJECTS/mktekhub/mktekhub-frontend/src/services/dashboardService.ts": {"path":"/Users/muhiddin/Desktop/SKILLSTORM/20251027-java-EY/PROJECTS/mktekhub/mktekhub-frontend/src/services/dashboardService.ts","statementMap":{"0":{"start":{"line":4,"column":32},"end":{"line":41,"column":null}},"1":{"start":{"line":6,"column":21},"end":{"line":6,"column":null}},"2":{"start":{"line":7,"column":4},"end":{"line":7,"column":null}},"3":{"start":{"line":13,"column":21},"end":{"line":15,"column":null}},"4":{"start":{"line":16,"column":4},"end":{"line":16,"column":null}},"5":{"start":{"line":22,"column":21},"end":{"line":24,"column":null}},"6":{"start":{"line":25,"column":4},"end":{"line":25,"column":null}},"7":{"start":{"line":29,"column":21},"end":{"line":31,"column":null}},"8":{"start":{"line":32,"column":4},"end":{"line":32,"column":null}},"9":{"start":{"line":36,"column":21},"end":{"line":38,"column":null}},"10":{"start":{"line":39,"column":4},"end":{"line":39,"column":null}}},"fnMap":{"0":{"name":"(anonymous_0)","decl":{"start":{"line":5,"column":14},"end":{"line":5,"column":53}},"loc":{"start":{"line":5,"column":53},"end":{"line":8,"column":null}},"line":5},"1":{"name":"(anonymous_1)","decl":{"start":{"line":10,"column":23},"end":{"line":10,"column":null}},"loc":{"start":{"line":12,"column":7},"end":{"line":17,"column":null}},"line":12},"2":{"name":"(anonymous_2)","decl":{"start":{"line":19,"column":23},"end":{"line":19,"column":null}},"loc":{"start":{"line":21,"column":7},"end":{"line":26,"column":null}},"line":21},"3":{"name":"(anonymous_3)","decl":{"start":{"line":28,"column":20},"end":{"line":28,"column":76}},"loc":{"start":{"line":28,"column":76},"end":{"line":33,"column":null}},"line":28},"4":{"name":"(anonymous_4)","decl":{"start":{"line":35,"column":16},"end":{"line":35,"column":23}},"loc":{"start":{"line":35,"column":78},"end":{"line":40,"column":null}},"line":35}},"branchMap":{"0":{"loc":{"start":{"line":35,"column":23},"end":{"line":35,"column":78}},"type":"default-arg","locations":[{"start":{"line":35,"column":46},"end":{"line":35,"column":78}}],"line":35}},"s":{"0":1,"1":3,"2":1,"3":2,"4":1,"5":2,"6":1,"7":2,"8":1,"9":4,"10":2},"f":{"0":3,"1":2,"2":2,"3":2,"4":4},"b":{"0":[4]},"meta":{"lastBranch":1,"lastFunction":5,"lastStatement":11,"seen":{"s:4:32:41:Infinity":0,"f:5:14:5:53":0,"s:6:21:6:Infinity":1,"s:7:4:7:Infinity":2,"f:10:23:10:Infinity":1,"s:13:21:15:Infinity":3,"s:16:4:16:Infinity":4,"f:19:23:19:Infinity":2,"s:22:21:24:Infinity":5,"s:25:4:25:Infinity":6,"f:28:20:28:76":3,"s:29:21:31:Infinity":7,"s:32:4:32:Infinity":8,"f:35:16:35:23":4,"b:35:46:35:78":0,"s:36:21:38:Infinity":9,"s:39:4:39:Infinity":10}}}
,"/Users/muhiddin/Desktop/SKILLSTORM/20251027-java-EY/PROJECTS/mktekhub/mktekhub-frontend/src/services/inventoryService.ts": {"path":"/Users/muhiddin/Desktop/SKILLSTORM/20251027-java-EY/PROJECTS/mktekhub/mktekhub-frontend/src/services/inventoryService.ts","statementMap":{"0":{"start":{"line":4,"column":32},"end":{"line":81,"column":null}},"1":{"start":{"line":6,"column":21},"end":{"line":6,"column":null}},"2":{"start":{"line":7,"column":4},"end":{"line":7,"column":null}},"3":{"start":{"line":11,"column":21},"end":{"line":11,"column":null}},"4":{"start":{"line":12,"column":4},"end":{"line":12,"column":null}},"5":{"start":{"line":16,"column":21},"end":{"line":16,"column":null}},"6":{"start":{"line":17,"column":4},"end":{"line":17,"column":null}},"7":{"start":{"line":21,"column":21},"end":{"line":23,"column":null}},"8":{"start":{"line":24,"column":4},"end":{"line":24,"column":null}},"9":{"start":{"line":28,"column":21},"end":{"line":30,"column":null}},"10":{"start":{"line":31,"column":4},"end":{"line":31,"column":null}},"11":{"start":{"line":35,"column":21},"end":{"line":37,"column":null}},"12":{"start":{"line":38,"column":4},"end":{"line":38,"column":null}},"13":{"start":{"line":42,"column":21},"end":{"line":44,"column":null}},"14":{"start":{"line":45,"column":4},"end":{"line":45,"column":null}},"15":{"start":{"line":49,"column":21},"end":{"line":51,"column":null}},"16":{"start":{"line":52,"column":4},"end":{"line":52,"column":null}},"17":{"start":{"line":56,"column":21},"end":{"line":56,"column":null}},"18":{"start":{"line":57,"column":4},"end":{"line":57,"column":null}},"19":{"start":{"line":64,"column":21},"end":{"line":64,"column":null}},"20":{"start":{"line":65,"column":4},"end":{"line":65,"column":null}},"21":{"start":{"line":69,"column":4},"end":{"line":69,"column":null}},"22":{"start":{"line":76,"column":21},"end":{"line":78,"column":null}},"23":{"start":{"line":79,"column":4},"end":{"line":79,"column":null}}},"fnMap":{"0":{"name":"(anonymous_0)","decl":{"start":{"line":5,"column":10},"end":{"line":5,"column":48}},"loc":{"start":{"line":5,"column":48},"end":{"line":8,"column":null}},"line":5},"1":{"name":"(anonymous_1)","decl":{"start":{"line":10,"column":11},"end":{"line":10,"column":18}},"loc":{"start":{"line":10,"column":57},"end":{"line":13,"column":null}},"line":10},"2":{"name":"(anonymous_2)","decl":{"start":{"line":15,"column":12},"end":{"line":15,"column":19}},"loc":{"start":{"line":15,"column":59},"end":{"line":18,"column":null}},"line":15},"3":{"name":"(anonymous_3)","decl":{"start":{"line":20,"column":18},"end":{"line":20,"column":25}},"loc":{"start":{"line":20,"column":75},"end":{"line":25,"column":null}},"line":20},"4":{"name":"(anonymous_4)","decl":{"start":{"line":27,"column":17},"end":{"line":27,"column":24}},"loc":{"start":{"line":27,"column":71},"end":{"line":32,"column":null}},"line":27},"5":{"name":"(anonymous_5)","decl":{"start":{"line":34,"column":15},"end":{"line":34,"column":53}},"loc":{"start":{"line":34,"column":53},"end":{"line":39,"column":null}},"line":34},"6":{"name":"(anonymous_6)","decl":{"start":{"line":41,"column":14},"end":{"line":41,"column":52}},"loc":{"start":{"line":41,"column":52},"end":{"line":46,"column":null}},"line":41},"7":{"name":"(anonymous_7)","decl":{"start":{"line":48,"column":19},"end":{"line":48,"column":26}},"loc":{"start":{"line":48,"column":74},"end":{"line":53,"column":null}},"line":48},"8":{"name":"(anonymous_8)","decl":{"start":{"line":55,"column":10},"end":{"line":55,"column":17}},"loc":{"start":{"line":55,"column":72},"end":{"line":58,"column":null}},"line":55},"9":{"name":"(anonymous_9)","decl":{"start":{"line":60,"column":10},"end":{"line":60,"column":null}},"loc":{"start":{"line":63,"column":31},"end":{"line":66,"column":null}},"line":63},"10":{"name":"(anonymous_10)","decl":{"start":{"line":68,"column":10},"end":{"line":68,"column":17}},"loc":{"start":{"line":68,"column":47},"end":{"line":70,"column":null}},"line":68},"11":{"name":"(anonymous_11)","decl":{"start":{"line":72,"column":18},"end":{"line":72,"column":null}},"loc":{"start":{"line":75,"column":31},"end":{"line":80,"column":null}},"line":75}},"branchMap":{"0":{"loc":{"start":{"line":48,"column":26},"end":{"line":48,"column":74}},"type":"default-arg","locations":[{"start":{"line":48,"column":41},"end":{"line":48,"column":74}}],"line":48}},"s":{"0":1,"1":3,"2":2,"3":2,"4":1,"5":2,"6":1,"7":2,"8":2,"9":2,"10":2,"11":2,"12":2,"13":1,"14":1,"15":2,"16":2,"17":3,"18":1,"19":2,"20":1,"21":2,"22":4,"23":2},"f":{"0":3,"1":2,"2":2,"3":2,"4":2,"5":2,"6":1,"7":2,"8":3,"9":2,"10":2,"11":4},"b":{"0":[2]},"meta":{"lastBranch":1,"lastFunction":12,"lastStatement":24,"seen":{"s:4:32:81:Infinity":0,"f:5:10:5:48":0,"s:6:21:6:Infinity":1,"s:7:4:7:Infinity":2,"f:10:11:10:18":1,"s:11:21:11:Infinity":3,"s:12:4:12:Infinity":4,"f:15:12:15:19":2,"s:16:21:16:Infinity":5,"s:17:4:17:Infinity":6,"f:20:18:20:25":3,"s:21:21:23:Infinity":7,"s:24:4:24:Infinity":8,"f:27:17:27:24":4,"s:28:21:30:Infinity":9,"s:31:4:31:Infinity":10,"f:34:15:34:53":5,"s:35:21:37:Infinity":11,"s:38:4:38:Infinity":12,"f:41:14:41:52":6,"s:42:21:44:Infinity":13,"s:45:4:45:Infinity":14,"f:48:19:48:26":7,"b:48:41:48:74":0,"s:49:21:51:Infinity":15,"s:52:4:52:Infinity":16,"f:55:10:55:17":8,"s:56:21:56:Infinity":17,"s:57:4:57:Infinity":18,"f:60:10:60:Infinity":9,"s:64:21:64:Infinity":19,"s:65:4:65:Infinity":20,"f:68:10:68:17":10,"s:69:4:69:Infinity":21,"f:72:18:72:Infinity":11,"s:76:21:78:Infinity":22,"s:79:4:79:Infinity":23}}}
,"/Users/muhiddin/Desktop/SKILLSTORM/20251027-java-EY/PROJECTS/mktekhub/mktekhub-frontend/src/services/stockActivityService.ts": {"path":"/Users/muhiddin/Desktop/SKILLSTORM/20251027-java-EY/PROJECTS/mktekhub/mktekhub-frontend/src/services/stockActivityService.ts","statementMap":{"0":{"start":{"line":4,"column":36},"end":{"line":69,"column":null}},"1":{"start":{"line":6,"column":21},"end":{"line":6,"column":null}},"2":{"start":{"line":7,"column":4},"end":{"line":7,"column":null}},"3":{"start":{"line":11,"column":21},"end":{"line":11,"column":null}},"4":{"start":{"line":12,"column":4},"end":{"line":12,"column":null}},"5":{"start":{"line":16,"column":21},"end":{"line":18,"column":null}},"6":{"start":{"line":19,"column":4},"end":{"line":19,"column":null}},"7":{"start":{"line":23,"column":21},"end":{"line":25,"column":null}},"8":{"start":{"line":26,"column":4},"end":{"line":26,"column":null}},"9":{"start":{"line":30,"column":21},"end":{"line":32,"column":null}},"10":{"start":{"line":33,"column":4},"end":{"line":33,"column":null}},"11":{"start":{"line":37,"column":21},"end":{"line":39,"column":null}},"12":{"start":{"line":40,"column":4},"end":{"line":40,"column":null}},"13":{"start":{"line":44,"column":21},"end":{"line":46,"column":null}},"14":{"start":{"line":47,"column":4},"end":{"line":47,"column":null}},"15":{"start":{"line":51,"column":21},"end":{"line":53,"column":null}},"16":{"start":{"line":54,"column":4},"end":{"line":54,"column":null}},"17":{"start":{"line":61,"column":21},"end":{"line":66,"column":null}},"18":{"start":{"line":67,"column":4},"end":{"line":67,"column":null}}},"fnMap":{"0":{"name":"(anonymous_0)","decl":{"start":{"line":5,"column":10},"end":{"line":5,"column":48}},"loc":{"start":{"line":5,"column":48},"end":{"line":8,"column":null}},"line":5},"1":{"name":"(anonymous_1)","decl":{"start":{"line":10,"column":11},"end":{"line":10,"column":18}},"loc":{"start":{"line":10,"column":57},"end":{"line":13,"column":null}},"line":10},"2":{"name":"(anonymous_2)","decl":{"start":{"line":15,"column":15},"end":{"line":15,"column":22}},"loc":{"start":{"line":15,"column":67},"end":{"line":20,"column":null}},"line":15},"3":{"name":"(anonymous_3)","decl":{"start":{"line":22,"column":16},"end":{"line":22,"column":23}},"loc":{"start":{"line":22,"column":65},"end":{"line":27,"column":null}},"line":22},"4":{"name":"(anonymous_4)","decl":{"start":{"line":29,"column":21},"end":{"line":29,"column":28}},"loc":{"start":{"line":29,"column":71},"end":{"line":34,"column":null}},"line":29},"5":{"name":"(anonymous_5)","decl":{"start":{"line":36,"column":15},"end":{"line":36,"column":22}},"loc":{"start":{"line":36,"column":67},"end":{"line":41,"column":null}},"line":36},"6":{"name":"(anonymous_6)","decl":{"start":{"line":43,"column":17},"end":{"line":43,"column":24}},"loc":{"start":{"line":43,"column":71},"end":{"line":48,"column":null}},"line":43},"7":{"name":"(anonymous_7)","decl":{"start":{"line":50,"column":18},"end":{"line":50,"column":25}},"loc":{"start":{"line":50,"column":75},"end":{"line":55,"column":null}},"line":50},"8":{"name":"(anonymous_8)","decl":{"start":{"line":57,"column":18},"end":{"line":57,"column":null}},"loc":{"start":{"line":60,"column":33},"end":{"line":68,"column":null}},"line":60}},"branchMap":{},"s":{"0":1,"1":3,"2":2,"3":3,"4":1,"5":3,"6":2,"7":3,"8":3,"9":4,"10":4,"11":3,"12":2,"13":3,"14":3,"15":3,"16":2,"17":5,"18":3},"f":{"0":3,"1":3,"2":3,"3":3,"4":4,"5":3,"6":3,"7":3,"8":5},"b":{},"meta":{"lastBranch":0,"lastFunction":9,"lastStatement":19,"seen":{"s:4:36:69:Infinity":0,"f:5:10:5:48":0,"s:6:21:6:Infinity":1,"s:7:4:7:Infinity":2,"f:10:11:10:18":1,"s:11:21:11:Infinity":3,"s:12:4:12:Infinity":4,"f:15:15:15:22":2,"s:16:21:18:Infinity":5,"s:19:4:19:Infinity":6,"f:22:16:22:23":3,"s:23:21:25:Infinity":7,"s:26:4:26:Infinity":8,"f:29:21:29:28":4,"s:30:21:32:Infinity":9,"s:33:4:33:Infinity":10,"f:36:15:36:22":5,"s:37:21:39:Infinity":11,"s:40:4:40:Infinity":12,"f:43:17:43:24":6,"s:44:21:46:Infinity":13,"s:47:4:47:Infinity":14,"f:50:18:50:25":7,"s:51:21:53:Infinity":15,"s:54:4:54:Infinity":16,"f:57:18:57:Infinity":8,"s:61:21:66:Infinity":17,"s:67:4:67:Infinity":18}}}
,"/Users/muhiddin/Desktop/SKILLSTORM/20251027-java-EY/PROJECTS/mktekhub/mktekhub-frontend/src/services/warehouseService.ts": {"path":"/Users/muhiddin/Desktop/SKILLSTORM/20251027-java-EY/PROJECTS/mktekhub/mktekhub-frontend/src/services/warehouseService.ts","statementMap":{"0":{"start":{"line":4,"column":32},"end":{"line":42,"column":null}},"1":{"start":{"line":6,"column":21},"end":{"line":6,"column":null}},"2":{"start":{"line":7,"column":4},"end":{"line":7,"column":null}},"3":{"start":{"line":11,"column":21},"end":{"line":11,"column":null}},"4":{"start":{"line":12,"column":4},"end":{"line":12,"column":null}},"5":{"start":{"line":16,"column":21},"end":{"line":16,"column":null}},"6":{"start":{"line":17,"column":4},"end":{"line":17,"column":null}},"7":{"start":{"line":21,"column":21},"end":{"line":21,"column":null}},"8":{"start":{"line":22,"column":4},"end":{"line":22,"column":null}},"9":{"start":{"line":26,"column":21},"end":{"line":26,"column":null}},"10":{"start":{"line":27,"column":4},"end":{"line":27,"column":null}},"11":{"start":{"line":31,"column":21},"end":{"line":31,"column":null}},"12":{"start":{"line":32,"column":4},"end":{"line":32,"column":null}},"13":{"start":{"line":36,"column":4},"end":{"line":36,"column":null}},"14":{"start":{"line":40,"column":4},"end":{"line":40,"column":null}}},"fnMap":{"0":{"name":"(anonymous_0)","decl":{"start":{"line":5,"column":10},"end":{"line":5,"column":44}},"loc":{"start":{"line":5,"column":44},"end":{"line":8,"column":null}},"line":5},"1":{"name":"(anonymous_1)","decl":{"start":{"line":10,"column":13},"end":{"line":10,"column":47}},"loc":{"start":{"line":10,"column":47},"end":{"line":13,"column":null}},"line":10},"2":{"name":"(anonymous_2)","decl":{"start":{"line":15,"column":11},"end":{"line":15,"column":18}},"loc":{"start":{"line":15,"column":53},"end":{"line":18,"column":null}},"line":15},"3":{"name":"(anonymous_3)","decl":{"start":{"line":20,"column":17},"end":{"line":20,"column":51}},"loc":{"start":{"line":20,"column":51},"end":{"line":23,"column":null}},"line":20},"4":{"name":"(anonymous_4)","decl":{"start":{"line":25,"column":10},"end":{"line":25,"column":17}},"loc":{"start":{"line":25,"column":64},"end":{"line":28,"column":null}},"line":25},"5":{"name":"(anonymous_5)","decl":{"start":{"line":30,"column":10},"end":{"line":30,"column":17}},"loc":{"start":{"line":30,"column":76},"end":{"line":33,"column":null}},"line":30},"6":{"name":"(anonymous_6)","decl":{"start":{"line":35,"column":10},"end":{"line":35,"column":17}},"loc":{"start":{"line":35,"column":47},"end":{"line":37,"column":null}},"line":35},"7":{"name":"(anonymous_7)","decl":{"start":{"line":39,"column":19},"end":{"line":39,"column":26}},"loc":{"start":{"line":39,"column":56},"end":{"line":41,"column":null}},"line":39}},"branchMap":{},"s":{"0":1,"1":3,"2":2,"3":3,"4":2,"5":3,"6":1,"7":3,"8":2,"9":4,"10":2,"11":3,"12":1,"13":3,"14":4},"f":{"0":3,"1":3,"2":3,"3":3,"4":4,"5":3,"6":3,"7":4},"b":{},"meta":{"lastBranch":0,"lastFunction":8,"lastStatement":15,"seen":{"s:4:32:42:Infinity":0,"f:5:10:5:44":0,"s:6:21:6:Infinity":1,"s:7:4:7:Infinity":2,"f:10:13:10:47":1,"s:11:21:11:Infinity":3,"s:12:4:12:Infinity":4,"f:15:11:15:18":2,"s:16:21:16:Infinity":5,"s:17:4:17:Infinity":6,"f:20:17:20:51":3,"s:21:21:21:Infinity":7,"s:22:4:22:Infinity":8,"f:25:10:25:17":4,"s:26:21:26:Infinity":9,"s:27:4:27:Infinity":10,"f:30:10:30:17":5,"s:31:21:31:Infinity":11,"s:32:4:32:Infinity":12,"f:35:10:35:17":6,"s:36:4:36:Infinity":13,"f:39:19:39:26":7,"s:40:4:40:Infinity":14}}}
}
