{"/Users/muhiddin/projects/mktekhub/mktekhub-frontend/src/components/common/Breadcrumb.tsx": {"path":"/Users/muhiddin/projects/mktekhub/mktekhub-frontend/src/components/common/Breadcrumb.tsx","statementMap":{"0":{"start":{"line":41,"column":53},"end":{"line":145,"column":null}},"1":{"start":{"line":45,"column":8},"end":{"line":45,"column":null}},"2":{"start":{"line":48,"column":30},"end":{"line":79,"column":null}},"3":{"start":{"line":49,"column":22},"end":{"line":49,"column":null}},"4":{"start":{"line":49,"column":65},"end":{"line":49,"column":66}},"5":{"start":{"line":51,"column":42},"end":{"line":53,"column":null}},"6":{"start":{"line":56,"column":47},"end":{"line":63,"column":null}},"7":{"start":{"line":65,"column":22},"end":{"line":65,"column":null}},"8":{"start":{"line":66,"column":4},"end":{"line":76,"column":null}},"9":{"start":{"line":67,"column":6},"end":{"line":67,"column":null}},"10":{"start":{"line":68,"column":21},"end":{"line":68,"column":null}},"11":{"start":{"line":70,"column":6},"end":{"line":75,"column":null}},"12":{"start":{"line":78,"column":4},"end":{"line":78,"column":null}},"13":{"start":{"line":81,"column":26},"end":{"line":81,"column":null}},"14":{"start":{"line":83,"column":2},"end":{"line":85,"column":null}},"15":{"start":{"line":84,"column":4},"end":{"line":84,"column":null}},"16":{"start":{"line":87,"column":2},"end":{"line":143,"column":null}},"17":{"start":{"line":91,"column":10},"end":{"line":140,"column":null}}},"fnMap":{"0":{"name":"(anonymous_0)","decl":{"start":{"line":41,"column":53},"end":{"line":41,"column":54}},"loc":{"start":{"line":44,"column":6},"end":{"line":145,"column":null}},"line":44},"1":{"name":"(anonymous_1)","decl":{"start":{"line":48,"column":30},"end":{"line":48,"column":54}},"loc":{"start":{"line":48,"column":54},"end":{"line":79,"column":null}},"line":48},"2":{"name":"(anonymous_2)","decl":{"start":{"line":49,"column":58},"end":{"line":49,"column":59}},"loc":{"start":{"line":49,"column":65},"end":{"line":49,"column":66}},"line":49},"3":{"name":"(anonymous_3)","decl":{"start":{"line":66,"column":22},"end":{"line":66,"column":23}},"loc":{"start":{"line":66,"column":42},"end":{"line":76,"column":5}},"line":66},"4":{"name":"(anonymous_4)","decl":{"start":{"line":90,"column":29},"end":{"line":90,"column":30}},"loc":{"start":{"line":91,"column":10},"end":{"line":140,"column":null}},"line":91}},"branchMap":{"0":{"loc":{"start":{"line":43,"column":2},"end":{"line":43,"column":null}},"type":"default-arg","locations":[{"start":{"line":43,"column":17},"end":{"line":43,"column":null}}],"line":43},"1":{"loc":{"start":{"line":72,"column":10},"end":{"line":73,"column":null}},"type":"binary-expr","locations":[{"start":{"line":72,"column":10},"end":{"line":72,"column":null}},{"start":{"line":73,"column":10},"end":{"line":73,"column":null}}],"line":72},"2":{"loc":{"start":{"line":74,"column":14},"end":{"line":74,"column":null}},"type":"cond-expr","locations":[{"start":{"line":74,"column":23},"end":{"line":74,"column":35}},{"start":{"line":74,"column":35},"end":{"line":74,"column":null}}],"line":74},"3":{"loc":{"start":{"line":81,"column":26},"end":{"line":81,"column":null}},"type":"cond-expr","locations":[{"start":{"line":81,"column":41},"end":{"line":81,"column":65}},{"start":{"line":81,"column":65},"end":{"line":81,"column":null}}],"line":81},"4":{"loc":{"start":{"line":81,"column":65},"end":{"line":81,"column":null}},"type":"binary-expr","locations":[{"start":{"line":81,"column":65},"end":{"line":81,"column":74}},{"start":{"line":81,"column":74},"end":{"line":81,"column":null}}],"line":81},"5":{"loc":{"start":{"line":83,"column":2},"end":{"line":85,"column":null}},"type":"if","locations":[{"start":{"line":83,"column":2},"end":{"line":85,"column":null}},{"start":{},"end":{}}],"line":83},"6":{"loc":{"start":{"line":92,"column":13},"end":{"line":106,"column":null}},"type":"binary-expr","locations":[{"start":{"line":92,"column":13},"end":{"line":92,"column":null}},{"start":{"line":93,"column":14},"end":{"line":106,"column":null}}],"line":92},"7":{"loc":{"start":{"line":108,"column":13},"end":{"line":138,"column":null}},"type":"cond-expr","locations":[{"start":{"line":109,"column":14},"end":{"line":124,"column":null}},{"start":{"line":126,"column":14},"end":{"line":138,"column":null}}],"line":108},"8":{"loc":{"start":{"line":113,"column":17},"end":{"line":121,"column":null}},"type":"binary-expr","locations":[{"start":{"line":113,"column":17},"end":{"line":113,"column":null}},{"start":{"line":114,"column":18},"end":{"line":121,"column":null}}],"line":113},"9":{"loc":{"start":{"line":127,"column":17},"end":{"line":135,"column":null}},"type":"binary-expr","locations":[{"start":{"line":127,"column":17},"end":{"line":127,"column":null}},{"start":{"line":128,"column":18},"end":{"line":135,"column":null}}],"line":127}},"s":{"0":1,"1":23,"2":23,"3":8,"4":20,"5":8,"6":8,"7":8,"8":8,"9":11,"10":11,"11":11,"12":8,"13":23,"14":23,"15":2,"16":21,"17":55},"f":{"0":23,"1":8,"2":20,"3":11,"4":55},"b":{"0":[23],"1":[11,5],"2":[7,4],"3":[8,15],"4":[15,1],"5":[2,21],"6":[55,34],"7":[35,20],"8":[35,20],"9":[20,1]},"meta":{"lastBranch":10,"lastFunction":5,"lastStatement":18,"seen":{"s:41:53:145:Infinity":0,"f:41:53:41:54":0,"b:43:17:43:Infinity":0,"s:45:8:45:Infinity":1,"s:48:30:79:Infinity":2,"f:48:30:48:54":1,"s:49:22:49:Infinity":3,"f:49:58:49:59":2,"s:49:65:49:66":4,"s:51:42:53:Infinity":5,"s:56:47:63:Infinity":6,"s:65:22:65:Infinity":7,"s:66:4:76:Infinity":8,"f:66:22:66:23":3,"s:67:6:67:Infinity":9,"s:68:21:68:Infinity":10,"s:70:6:75:Infinity":11,"b:72:10:72:Infinity:73:10:73:Infinity":1,"b:74:23:74:35:74:35:74:Infinity":2,"s:78:4:78:Infinity":12,"s:81:26:81:Infinity":13,"b:81:41:81:65:81:65:81:Infinity":3,"b:81:65:81:74:81:74:81:Infinity":4,"b:83:2:85:Infinity:undefined:undefined:undefined:undefined":5,"s:83:2:85:Infinity":14,"s:84:4:84:Infinity":15,"s:87:2:143:Infinity":16,"f:90:29:90:30":4,"s:91:10:140:Infinity":17,"b:92:13:92:Infinity:93:14:106:Infinity":6,"b:109:14:124:Infinity:126:14:138:Infinity":7,"b:113:17:113:Infinity:114:18:121:Infinity":8,"b:127:17:127:Infinity:128:18:135:Infinity":9}}}
,"/Users/muhiddin/projects/mktekhub/mktekhub-frontend/src/components/common/ConfirmDialog.tsx": {"path":"/Users/muhiddin/projects/mktekhub/mktekhub-frontend/src/components/common/ConfirmDialog.tsx","statementMap":{"0":{"start":{"line":43,"column":59},"end":{"line":173,"column":null}},"1":{"start":{"line":53,"column":2},"end":{"line":53,"column":null}},"2":{"start":{"line":53,"column":15},"end":{"line":53,"column":null}},"3":{"start":{"line":55,"column":33},"end":{"line":66,"column":null}},"4":{"start":{"line":56,"column":4},"end":{"line":65,"column":null}},"5":{"start":{"line":58,"column":8},"end":{"line":58,"column":null}},"6":{"start":{"line":60,"column":8},"end":{"line":60,"column":null}},"7":{"start":{"line":62,"column":8},"end":{"line":62,"column":null}},"8":{"start":{"line":64,"column":8},"end":{"line":64,"column":null}},"9":{"start":{"line":68,"column":18},"end":{"line":127,"column":null}},"10":{"start":{"line":69,"column":4},"end":{"line":126,"column":null}},"11":{"start":{"line":71,"column":8},"end":{"line":86,"column":null}},"12":{"start":{"line":89,"column":8},"end":{"line":104,"column":null}},"13":{"start":{"line":107,"column":8},"end":{"line":122,"column":null}},"14":{"start":{"line":125,"column":8},"end":{"line":125,"column":null}},"15":{"start":{"line":129,"column":2},"end":{"line":171,"column":null}}},"fnMap":{"0":{"name":"(anonymous_0)","decl":{"start":{"line":43,"column":59},"end":{"line":43,"column":60}},"loc":{"start":{"line":52,"column":6},"end":{"line":173,"column":null}},"line":52},"1":{"name":"(anonymous_1)","decl":{"start":{"line":55,"column":33},"end":{"line":55,"column":39}},"loc":{"start":{"line":55,"column":39},"end":{"line":66,"column":null}},"line":55},"2":{"name":"(anonymous_2)","decl":{"start":{"line":68,"column":18},"end":{"line":68,"column":24}},"loc":{"start":{"line":68,"column":24},"end":{"line":127,"column":null}},"line":68}},"branchMap":{"0":{"loc":{"start":{"line":47,"column":2},"end":{"line":47,"column":null}},"type":"default-arg","locations":[{"start":{"line":47,"column":16},"end":{"line":47,"column":null}}],"line":47},"1":{"loc":{"start":{"line":48,"column":2},"end":{"line":48,"column":null}},"type":"default-arg","locations":[{"start":{"line":48,"column":15},"end":{"line":48,"column":null}}],"line":48},"2":{"loc":{"start":{"line":49,"column":2},"end":{"line":49,"column":null}},"type":"default-arg","locations":[{"start":{"line":49,"column":12},"end":{"line":49,"column":null}}],"line":49},"3":{"loc":{"start":{"line":53,"column":2},"end":{"line":53,"column":null}},"type":"if","locations":[{"start":{"line":53,"column":2},"end":{"line":53,"column":null}},{"start":{},"end":{}}],"line":53},"4":{"loc":{"start":{"line":56,"column":4},"end":{"line":65,"column":null}},"type":"switch","locations":[{"start":{"line":57,"column":6},"end":{"line":58,"column":null}},{"start":{"line":59,"column":6},"end":{"line":60,"column":null}},{"start":{"line":61,"column":6},"end":{"line":62,"column":null}},{"start":{"line":63,"column":6},"end":{"line":64,"column":null}}],"line":56},"5":{"loc":{"start":{"line":69,"column":4},"end":{"line":126,"column":null}},"type":"switch","locations":[{"start":{"line":70,"column":6},"end":{"line":86,"column":null}},{"start":{"line":88,"column":6},"end":{"line":104,"column":null}},{"start":{"line":106,"column":6},"end":{"line":122,"column":null}},{"start":{"line":124,"column":6},"end":{"line":125,"column":null}}],"line":69}},"s":{"0":1,"1":29,"2":2,"3":27,"4":27,"5":23,"6":2,"7":2,"8":0,"9":27,"10":27,"11":23,"12":2,"13":2,"14":0,"15":27},"f":{"0":29,"1":27,"2":27},"b":{"0":[29],"1":[29],"2":[29],"3":[2,27],"4":[23,2,2,0],"5":[23,2,2,0]},"meta":{"lastBranch":6,"lastFunction":3,"lastStatement":16,"seen":{"s:43:59:173:Infinity":0,"f:43:59:43:60":0,"b:47:16:47:Infinity":0,"b:48:15:48:Infinity":1,"b:49:12:49:Infinity":2,"b:53:2:53:Infinity:undefined:undefined:undefined:undefined":3,"s:53:2:53:Infinity":1,"s:53:15:53:Infinity":2,"s:55:33:66:Infinity":3,"f:55:33:55:39":1,"b:57:6:58:Infinity:59:6:60:Infinity:61:6:62:Infinity:63:6:64:Infinity":4,"s:56:4:65:Infinity":4,"s:58:8:58:Infinity":5,"s:60:8:60:Infinity":6,"s:62:8:62:Infinity":7,"s:64:8:64:Infinity":8,"s:68:18:127:Infinity":9,"f:68:18:68:24":2,"b:70:6:86:Infinity:88:6:104:Infinity:106:6:122:Infinity:124:6:125:Infinity":5,"s:69:4:126:Infinity":10,"s:71:8:86:Infinity":11,"s:89:8:104:Infinity":12,"s:107:8:122:Infinity":13,"s:125:8:125:Infinity":14,"s:129:2:171:Infinity":15}}}
,"/Users/muhiddin/projects/mktekhub/mktekhub-frontend/src/components/common/ExpirationBadge.tsx": {"path":"/Users/muhiddin/projects/mktekhub/mktekhub-frontend/src/components/common/ExpirationBadge.tsx","statementMap":{"0":{"start":{"line":33,"column":63},"end":{"line":119,"column":null}},"1":{"start":{"line":38,"column":8},"end":{"line":38,"column":null}},"2":{"start":{"line":40,"column":2},"end":{"line":42,"column":null}},"3":{"start":{"line":41,"column":4},"end":{"line":41,"column":null}},"4":{"start":{"line":44,"column":8},"end":{"line":44,"column":null}},"5":{"start":{"line":45,"column":24},"end":{"line":47,"column":null}},"6":{"start":{"line":50,"column":2},"end":{"line":71,"column":null}},"7":{"start":{"line":51,"column":4},"end":{"line":69,"column":null}},"8":{"start":{"line":74,"column":2},"end":{"line":97,"column":null}},"9":{"start":{"line":75,"column":4},"end":{"line":95,"column":null}},"10":{"start":{"line":100,"column":2},"end":{"line":117,"column":null}},"11":{"start":{"line":143,"column":59},"end":{"line":221,"column":null}},"12":{"start":{"line":147,"column":2},"end":{"line":149,"column":null}},"13":{"start":{"line":148,"column":4},"end":{"line":148,"column":null}},"14":{"start":{"line":151,"column":8},"end":{"line":151,"column":null}},"15":{"start":{"line":152,"column":8},"end":{"line":152,"column":null}},"16":{"start":{"line":154,"column":2},"end":{"line":175,"column":null}},"17":{"start":{"line":155,"column":4},"end":{"line":173,"column":null}},"18":{"start":{"line":178,"column":2},"end":{"line":199,"column":null}},"19":{"start":{"line":179,"column":4},"end":{"line":197,"column":null}},"20":{"start":{"line":202,"column":2},"end":{"line":219,"column":null}}},"fnMap":{"0":{"name":"(anonymous_0)","decl":{"start":{"line":33,"column":63},"end":{"line":33,"column":64}},"loc":{"start":{"line":37,"column":6},"end":{"line":119,"column":null}},"line":37},"1":{"name":"(anonymous_1)","decl":{"start":{"line":143,"column":59},"end":{"line":143,"column":60}},"loc":{"start":{"line":146,"column":6},"end":{"line":221,"column":null}},"line":146}},"branchMap":{"0":{"loc":{"start":{"line":36,"column":2},"end":{"line":36,"column":null}},"type":"default-arg","locations":[{"start":{"line":36,"column":16},"end":{"line":36,"column":null}}],"line":36},"1":{"loc":{"start":{"line":40,"column":2},"end":{"line":42,"column":null}},"type":"if","locations":[{"start":{"line":40,"column":2},"end":{"line":42,"column":null}},{"start":{},"end":{}}],"line":40},"2":{"loc":{"start":{"line":45,"column":24},"end":{"line":47,"column":null}},"type":"cond-expr","locations":[{"start":{"line":45,"column":24},"end":{"line":46,"column":null}},{"start":{"line":47,"column":6},"end":{"line":47,"column":null}}],"line":45},"3":{"loc":{"start":{"line":50,"column":2},"end":{"line":71,"column":null}},"type":"if","locations":[{"start":{"line":50,"column":2},"end":{"line":71,"column":null}},{"start":{},"end":{}}],"line":50},"4":{"loc":{"start":{"line":74,"column":2},"end":{"line":97,"column":null}},"type":"if","locations":[{"start":{"line":74,"column":2},"end":{"line":97,"column":null}},{"start":{},"end":{}}],"line":74},"5":{"loc":{"start":{"line":90,"column":11},"end":{"line":92,"column":null}},"type":"cond-expr","locations":[{"start":{"line":91,"column":14},"end":{"line":91,"column":null}},{"start":{"line":92,"column":14},"end":{"line":92,"column":null}}],"line":90},"6":{"loc":{"start":{"line":90,"column":11},"end":{"line":90,"column":null}},"type":"binary-expr","locations":[{"start":{"line":90,"column":11},"end":{"line":90,"column":33}},{"start":{"line":90,"column":33},"end":{"line":90,"column":null}}],"line":90},"7":{"loc":{"start":{"line":91,"column":33},"end":{"line":91,"column":59}},"type":"cond-expr","locations":[{"start":{"line":91,"column":51},"end":{"line":91,"column":57}},{"start":{"line":91,"column":57},"end":{"line":91,"column":59}}],"line":91},"8":{"loc":{"start":{"line":147,"column":2},"end":{"line":149,"column":null}},"type":"if","locations":[{"start":{"line":147,"column":2},"end":{"line":149,"column":null}},{"start":{},"end":{}}],"line":147},"9":{"loc":{"start":{"line":154,"column":2},"end":{"line":175,"column":null}},"type":"if","locations":[{"start":{"line":154,"column":2},"end":{"line":175,"column":null}},{"start":{},"end":{}}],"line":154},"10":{"loc":{"start":{"line":154,"column":6},"end":{"line":154,"column":65}},"type":"binary-expr","locations":[{"start":{"line":154,"column":6},"end":{"line":154,"column":27}},{"start":{"line":154,"column":27},"end":{"line":154,"column":49}},{"start":{"line":154,"column":49},"end":{"line":154,"column":65}}],"line":154},"11":{"loc":{"start":{"line":178,"column":2},"end":{"line":199,"column":null}},"type":"if","locations":[{"start":{"line":178,"column":2},"end":{"line":199,"column":null}},{"start":{},"end":{}}],"line":178},"12":{"loc":{"start":{"line":178,"column":6},"end":{"line":178,"column":45}},"type":"binary-expr","locations":[{"start":{"line":178,"column":6},"end":{"line":178,"column":28}},{"start":{"line":178,"column":28},"end":{"line":178,"column":45}}],"line":178},"13":{"loc":{"start":{"line":194,"column":26},"end":{"line":194,"column":53}},"type":"cond-expr","locations":[{"start":{"line":194,"column":44},"end":{"line":194,"column":50}},{"start":{"line":194,"column":50},"end":{"line":194,"column":53}}],"line":194}},"s":{"0":1,"1":19,"2":19,"3":2,"4":17,"5":17,"6":19,"7":5,"8":12,"9":8,"10":4,"11":1,"12":14,"13":2,"14":12,"15":12,"16":12,"17":4,"18":8,"19":4,"20":4},"f":{"0":19,"1":14},"b":{"0":[19],"1":[2,17],"2":[17,0],"3":[5,14],"4":[8,4],"5":[8,0],"6":[8,8],"7":[7,1],"8":[2,12],"9":[4,8],"10":[12,8,8],"11":[4,4],"12":[8,8],"13":[3,1]},"meta":{"lastBranch":14,"lastFunction":2,"lastStatement":21,"seen":{"s:33:63:119:Infinity":0,"f:33:63:33:64":0,"b:36:16:36:Infinity":0,"s:38:8:38:Infinity":1,"b:40:2:42:Infinity:undefined:undefined:undefined:undefined":1,"s:40:2:42:Infinity":2,"s:41:4:41:Infinity":3,"s:44:8:44:Infinity":4,"s:45:24:47:Infinity":5,"b:45:24:46:Infinity:47:6:47:Infinity":2,"b:50:2:71:Infinity:undefined:undefined:undefined:undefined":3,"s:50:2:71:Infinity":6,"s:51:4:69:Infinity":7,"b:74:2:97:Infinity:undefined:undefined:undefined:undefined":4,"s:74:2:97:Infinity":8,"s:75:4:95:Infinity":9,"b:91:14:91:Infinity:92:14:92:Infinity":5,"b:90:11:90:33:90:33:90:Infinity":6,"b:91:51:91:57:91:57:91:59":7,"s:100:2:117:Infinity":10,"s:143:59:221:Infinity":11,"f:143:59:143:60":1,"b:147:2:149:Infinity:undefined:undefined:undefined:undefined":8,"s:147:2:149:Infinity":12,"s:148:4:148:Infinity":13,"s:151:8:151:Infinity":14,"s:152:8:152:Infinity":15,"b:154:2:175:Infinity:undefined:undefined:undefined:undefined":9,"s:154:2:175:Infinity":16,"b:154:6:154:27:154:27:154:49:154:49:154:65":10,"s:155:4:173:Infinity":17,"b:178:2:199:Infinity:undefined:undefined:undefined:undefined":11,"s:178:2:199:Infinity":18,"b:178:6:178:28:178:28:178:45":12,"s:179:4:197:Infinity":19,"b:194:44:194:50:194:50:194:53":13,"s:202:2:219:Infinity":20}}}
,"/Users/muhiddin/projects/mktekhub/mktekhub-frontend/src/components/common/InventoryFilters.tsx": {"path":"/Users/muhiddin/projects/mktekhub/mktekhub-frontend/src/components/common/InventoryFilters.tsx","statementMap":{"0":{"start":{"line":42,"column":65},"end":{"line":375,"column":null}},"1":{"start":{"line":52,"column":23},"end":{"line":60,"column":null}},"2":{"start":{"line":56,"column":4},"end":{"line":59,"column":null}},"3":{"start":{"line":62,"column":29},"end":{"line":68,"column":null}},"4":{"start":{"line":63,"column":4},"end":{"line":63,"column":null}},"5":{"start":{"line":63,"column":31},"end":{"line":63,"column":null}},"6":{"start":{"line":64,"column":4},"end":{"line":65,"column":null}},"7":{"start":{"line":65,"column":6},"end":{"line":65,"column":null}},"8":{"start":{"line":66,"column":4},"end":{"line":66,"column":null}},"9":{"start":{"line":66,"column":35},"end":{"line":66,"column":null}},"10":{"start":{"line":67,"column":4},"end":{"line":67,"column":null}},"11":{"start":{"line":71,"column":25},"end":{"line":78,"column":null}},"12":{"start":{"line":72,"column":18},"end":{"line":72,"column":null}},"13":{"start":{"line":73,"column":4},"end":{"line":73,"column":null}},"14":{"start":{"line":73,"column":31},"end":{"line":73,"column":null}},"15":{"start":{"line":74,"column":4},"end":{"line":75,"column":null}},"16":{"start":{"line":75,"column":6},"end":{"line":75,"column":null}},"17":{"start":{"line":76,"column":4},"end":{"line":76,"column":null}},"18":{"start":{"line":76,"column":35},"end":{"line":76,"column":null}},"19":{"start":{"line":77,"column":4},"end":{"line":77,"column":null}},"20":{"start":{"line":80,"column":2},"end":{"line":373,"column":null}},"21":{"start":{"line":158,"column":18},"end":{"line":158,"column":null}},"22":{"start":{"line":163,"column":18},"end":{"line":165,"column":null}},"23":{"start":{"line":185,"column":33},"end":{"line":185,"column":null}},"24":{"start":{"line":189,"column":18},"end":{"line":191,"column":null}},"25":{"start":{"line":211,"column":33},"end":{"line":211,"column":null}},"26":{"start":{"line":215,"column":18},"end":{"line":217,"column":null}},"27":{"start":{"line":238,"column":18},"end":{"line":241,"column":null}},"28":{"start":{"line":272,"column":33},"end":{"line":272,"column":null}},"29":{"start":{"line":293,"column":33},"end":{"line":293,"column":null}},"30":{"start":{"line":316,"column":33},"end":{"line":316,"column":null}},"31":{"start":{"line":338,"column":33},"end":{"line":338,"column":null}},"32":{"start":{"line":359,"column":16},"end":{"line":362,"column":null}}},"fnMap":{"0":{"name":"(anonymous_0)","decl":{"start":{"line":42,"column":65},"end":{"line":42,"column":66}},"loc":{"start":{"line":51,"column":6},"end":{"line":375,"column":null}},"line":51},"1":{"name":"(anonymous_1)","decl":{"start":{"line":52,"column":23},"end":{"line":52,"column":null}},"loc":{"start":{"line":55,"column":7},"end":{"line":60,"column":null}},"line":55},"2":{"name":"(anonymous_2)","decl":{"start":{"line":62,"column":60},"end":{"line":62,"column":61}},"loc":{"start":{"line":62,"column":78},"end":{"line":68,"column":3}},"line":62},"3":{"name":"(anonymous_3)","decl":{"start":{"line":71,"column":25},"end":{"line":71,"column":26}},"loc":{"start":{"line":71,"column":73},"end":{"line":78,"column":null}},"line":71},"4":{"name":"(anonymous_4)","decl":{"start":{"line":157,"column":26},"end":{"line":157,"column":27}},"loc":{"start":{"line":158,"column":18},"end":{"line":158,"column":null}},"line":158},"5":{"name":"(anonymous_5)","decl":{"start":{"line":162,"column":32},"end":{"line":162,"column":33}},"loc":{"start":{"line":163,"column":18},"end":{"line":165,"column":null}},"line":163},"6":{"name":"(anonymous_6)","decl":{"start":{"line":185,"column":26},"end":{"line":185,"column":27}},"loc":{"start":{"line":185,"column":33},"end":{"line":185,"column":null}},"line":185},"7":{"name":"(anonymous_7)","decl":{"start":{"line":188,"column":32},"end":{"line":188,"column":33}},"loc":{"start":{"line":189,"column":18},"end":{"line":191,"column":null}},"line":189},"8":{"name":"(anonymous_8)","decl":{"start":{"line":211,"column":26},"end":{"line":211,"column":27}},"loc":{"start":{"line":211,"column":33},"end":{"line":211,"column":null}},"line":211},"9":{"name":"(anonymous_9)","decl":{"start":{"line":214,"column":28},"end":{"line":214,"column":29}},"loc":{"start":{"line":215,"column":18},"end":{"line":217,"column":null}},"line":215},"10":{"name":"(anonymous_10)","decl":{"start":{"line":237,"column":26},"end":{"line":237,"column":27}},"loc":{"start":{"line":238,"column":18},"end":{"line":241,"column":null}},"line":238},"11":{"name":"(anonymous_11)","decl":{"start":{"line":272,"column":26},"end":{"line":272,"column":27}},"loc":{"start":{"line":272,"column":33},"end":{"line":272,"column":null}},"line":272},"12":{"name":"(anonymous_12)","decl":{"start":{"line":293,"column":26},"end":{"line":293,"column":27}},"loc":{"start":{"line":293,"column":33},"end":{"line":293,"column":null}},"line":293},"13":{"name":"(anonymous_13)","decl":{"start":{"line":316,"column":26},"end":{"line":316,"column":27}},"loc":{"start":{"line":316,"column":33},"end":{"line":316,"column":null}},"line":316},"14":{"name":"(anonymous_14)","decl":{"start":{"line":338,"column":26},"end":{"line":338,"column":27}},"loc":{"start":{"line":338,"column":33},"end":{"line":338,"column":null}},"line":338},"15":{"name":"(anonymous_15)","decl":{"start":{"line":358,"column":24},"end":{"line":358,"column":25}},"loc":{"start":{"line":359,"column":16},"end":{"line":362,"column":null}},"line":359}},"branchMap":{"0":{"loc":{"start":{"line":63,"column":4},"end":{"line":63,"column":null}},"type":"if","locations":[{"start":{"line":63,"column":4},"end":{"line":63,"column":null}},{"start":{},"end":{}}],"line":63},"1":{"loc":{"start":{"line":64,"column":4},"end":{"line":65,"column":null}},"type":"if","locations":[{"start":{"line":64,"column":4},"end":{"line":65,"column":null}},{"start":{},"end":{}}],"line":64},"2":{"loc":{"start":{"line":64,"column":8},"end":{"line":64,"column":null}},"type":"binary-expr","locations":[{"start":{"line":64,"column":8},"end":{"line":64,"column":33}},{"start":{"line":64,"column":33},"end":{"line":64,"column":null}}],"line":64},"3":{"loc":{"start":{"line":66,"column":4},"end":{"line":66,"column":null}},"type":"if","locations":[{"start":{"line":66,"column":4},"end":{"line":66,"column":null}},{"start":{},"end":{}}],"line":66},"4":{"loc":{"start":{"line":73,"column":4},"end":{"line":73,"column":null}},"type":"if","locations":[{"start":{"line":73,"column":4},"end":{"line":73,"column":null}},{"start":{},"end":{}}],"line":73},"5":{"loc":{"start":{"line":74,"column":4},"end":{"line":75,"column":null}},"type":"if","locations":[{"start":{"line":74,"column":4},"end":{"line":75,"column":null}},{"start":{},"end":{}}],"line":74},"6":{"loc":{"start":{"line":74,"column":8},"end":{"line":74,"column":null}},"type":"binary-expr","locations":[{"start":{"line":74,"column":8},"end":{"line":74,"column":33}},{"start":{"line":74,"column":33},"end":{"line":74,"column":null}}],"line":74},"7":{"loc":{"start":{"line":76,"column":4},"end":{"line":76,"column":null}},"type":"if","locations":[{"start":{"line":76,"column":4},"end":{"line":76,"column":null}},{"start":{},"end":{}}],"line":76},"8":{"loc":{"start":{"line":99,"column":11},"end":{"line":102,"column":null}},"type":"binary-expr","locations":[{"start":{"line":99,"column":11},"end":{"line":99,"column":null}},{"start":{"line":100,"column":12},"end":{"line":102,"column":null}}],"line":99},"9":{"loc":{"start":{"line":106,"column":11},"end":{"line":113,"column":null}},"type":"binary-expr","locations":[{"start":{"line":106,"column":11},"end":{"line":106,"column":null}},{"start":{"line":107,"column":12},"end":{"line":113,"column":null}}],"line":106},"10":{"loc":{"start":{"line":119,"column":24},"end":{"line":119,"column":null}},"type":"cond-expr","locations":[{"start":{"line":119,"column":37},"end":{"line":119,"column":58}},{"start":{"line":119,"column":58},"end":{"line":119,"column":null}}],"line":119},"11":{"loc":{"start":{"line":122,"column":57},"end":{"line":122,"column":87}},"type":"cond-expr","locations":[{"start":{"line":122,"column":70},"end":{"line":122,"column":85}},{"start":{"line":122,"column":85},"end":{"line":122,"column":87}}],"line":122},"12":{"loc":{"start":{"line":139,"column":7},"end":{"line":371,"column":null}},"type":"binary-expr","locations":[{"start":{"line":139,"column":7},"end":{"line":139,"column":null}},{"start":{"line":140,"column":8},"end":{"line":371,"column":null}}],"line":139},"13":{"loc":{"start":{"line":146,"column":17},"end":{"line":147,"column":null}},"type":"binary-expr","locations":[{"start":{"line":146,"column":17},"end":{"line":146,"column":null}},{"start":{"line":147,"column":18},"end":{"line":147,"column":null}}],"line":146},"14":{"loc":{"start":{"line":152,"column":18},"end":{"line":154,"column":null}},"type":"cond-expr","locations":[{"start":{"line":153,"column":22},"end":{"line":153,"column":null}},{"start":{"line":154,"column":22},"end":{"line":154,"column":null}}],"line":152},"15":{"loc":{"start":{"line":174,"column":17},"end":{"line":175,"column":null}},"type":"binary-expr","locations":[{"start":{"line":174,"column":17},"end":{"line":174,"column":null}},{"start":{"line":175,"column":18},"end":{"line":175,"column":null}}],"line":174},"16":{"loc":{"start":{"line":180,"column":18},"end":{"line":182,"column":null}},"type":"cond-expr","locations":[{"start":{"line":181,"column":22},"end":{"line":181,"column":null}},{"start":{"line":182,"column":22},"end":{"line":182,"column":null}}],"line":180},"17":{"loc":{"start":{"line":200,"column":17},"end":{"line":201,"column":null}},"type":"binary-expr","locations":[{"start":{"line":200,"column":17},"end":{"line":200,"column":null}},{"start":{"line":201,"column":18},"end":{"line":201,"column":null}}],"line":200},"18":{"loc":{"start":{"line":206,"column":18},"end":{"line":208,"column":null}},"type":"cond-expr","locations":[{"start":{"line":207,"column":22},"end":{"line":207,"column":null}},{"start":{"line":208,"column":22},"end":{"line":208,"column":null}}],"line":206},"19":{"loc":{"start":{"line":226,"column":17},"end":{"line":227,"column":null}},"type":"binary-expr","locations":[{"start":{"line":226,"column":17},"end":{"line":226,"column":null}},{"start":{"line":227,"column":18},"end":{"line":227,"column":null}}],"line":226},"20":{"loc":{"start":{"line":232,"column":18},"end":{"line":234,"column":null}},"type":"cond-expr","locations":[{"start":{"line":233,"column":22},"end":{"line":233,"column":null}},{"start":{"line":234,"column":22},"end":{"line":234,"column":null}}],"line":232},"21":{"loc":{"start":{"line":258,"column":17},"end":{"line":259,"column":null}},"type":"binary-expr","locations":[{"start":{"line":258,"column":17},"end":{"line":258,"column":null}},{"start":{"line":259,"column":18},"end":{"line":259,"column":null}}],"line":258},"22":{"loc":{"start":{"line":266,"column":18},"end":{"line":268,"column":null}},"type":"cond-expr","locations":[{"start":{"line":267,"column":22},"end":{"line":267,"column":null}},{"start":{"line":268,"column":22},"end":{"line":268,"column":null}}],"line":266},"23":{"loc":{"start":{"line":279,"column":17},"end":{"line":280,"column":null}},"type":"binary-expr","locations":[{"start":{"line":279,"column":17},"end":{"line":279,"column":null}},{"start":{"line":280,"column":18},"end":{"line":280,"column":null}}],"line":279},"24":{"loc":{"start":{"line":287,"column":18},"end":{"line":289,"column":null}},"type":"cond-expr","locations":[{"start":{"line":288,"column":22},"end":{"line":288,"column":null}},{"start":{"line":289,"column":22},"end":{"line":289,"column":null}}],"line":287},"25":{"loc":{"start":{"line":301,"column":17},"end":{"line":302,"column":null}},"type":"binary-expr","locations":[{"start":{"line":301,"column":17},"end":{"line":301,"column":null}},{"start":{"line":302,"column":18},"end":{"line":302,"column":null}}],"line":301},"26":{"loc":{"start":{"line":310,"column":18},"end":{"line":312,"column":null}},"type":"cond-expr","locations":[{"start":{"line":311,"column":22},"end":{"line":311,"column":null}},{"start":{"line":312,"column":22},"end":{"line":312,"column":null}}],"line":310},"27":{"loc":{"start":{"line":323,"column":17},"end":{"line":324,"column":null}},"type":"binary-expr","locations":[{"start":{"line":323,"column":17},"end":{"line":323,"column":null}},{"start":{"line":324,"column":18},"end":{"line":324,"column":null}}],"line":323},"28":{"loc":{"start":{"line":332,"column":18},"end":{"line":334,"column":null}},"type":"cond-expr","locations":[{"start":{"line":333,"column":22},"end":{"line":333,"column":null}},{"start":{"line":334,"column":22},"end":{"line":334,"column":null}}],"line":332},"29":{"loc":{"start":{"line":347,"column":15},"end":{"line":348,"column":null}},"type":"binary-expr","locations":[{"start":{"line":347,"column":15},"end":{"line":347,"column":null}},{"start":{"line":348,"column":16},"end":{"line":348,"column":null}}],"line":347},"30":{"loc":{"start":{"line":353,"column":16},"end":{"line":355,"column":null}},"type":"cond-expr","locations":[{"start":{"line":354,"column":20},"end":{"line":354,"column":null}},{"start":{"line":355,"column":20},"end":{"line":355,"column":null}}],"line":353}},"s":{"0":1,"1":60,"2":11,"3":60,"4":540,"5":60,"6":480,"7":120,"8":360,"9":360,"10":0,"11":60,"12":1026,"13":1026,"14":114,"15":912,"16":228,"17":684,"18":684,"19":0,"20":60,"21":1,"22":168,"23":1,"24":168,"25":1,"26":168,"27":1,"28":2,"29":0,"30":4,"31":0,"32":1},"f":{"0":60,"1":11,"2":540,"3":1026,"4":1,"5":168,"6":1,"7":168,"8":1,"9":168,"10":1,"11":2,"12":0,"13":4,"14":0,"15":1},"b":{"0":[60,480],"1":[120,360],"2":[480,420],"3":[360,0],"4":[114,912],"5":[228,684],"6":[912,798],"7":[684,0],"8":[60,22],"9":[60,22],"10":[57,3],"11":[57,3],"12":[60,57],"13":[57,5],"14":[5,52],"15":[57,6],"16":[6,51],"17":[57,4],"18":[4,53],"19":[57,3],"20":[3,54],"21":[57,5],"22":[5,52],"23":[57,2],"24":[2,55],"25":[57,7],"26":[7,50],"27":[57,1],"28":[1,56],"29":[57,2],"30":[2,55]},"meta":{"lastBranch":31,"lastFunction":16,"lastStatement":33,"seen":{"s:42:65:375:Infinity":0,"f:42:65:42:66":0,"s:52:23:60:Infinity":1,"f:52:23:52:Infinity":1,"s:56:4:59:Infinity":2,"s:62:29:68:Infinity":3,"f:62:60:62:61":2,"b:63:4:63:Infinity:undefined:undefined:undefined:undefined":0,"s:63:4:63:Infinity":4,"s:63:31:63:Infinity":5,"b:64:4:65:Infinity:undefined:undefined:undefined:undefined":1,"s:64:4:65:Infinity":6,"b:64:8:64:33:64:33:64:Infinity":2,"s:65:6:65:Infinity":7,"b:66:4:66:Infinity:undefined:undefined:undefined:undefined":3,"s:66:4:66:Infinity":8,"s:66:35:66:Infinity":9,"s:67:4:67:Infinity":10,"s:71:25:78:Infinity":11,"f:71:25:71:26":3,"s:72:18:72:Infinity":12,"b:73:4:73:Infinity:undefined:undefined:undefined:undefined":4,"s:73:4:73:Infinity":13,"s:73:31:73:Infinity":14,"b:74:4:75:Infinity:undefined:undefined:undefined:undefined":5,"s:74:4:75:Infinity":15,"b:74:8:74:33:74:33:74:Infinity":6,"s:75:6:75:Infinity":16,"b:76:4:76:Infinity:undefined:undefined:undefined:undefined":7,"s:76:4:76:Infinity":17,"s:76:35:76:Infinity":18,"s:77:4:77:Infinity":19,"s:80:2:373:Infinity":20,"b:99:11:99:Infinity:100:12:102:Infinity":8,"b:106:11:106:Infinity:107:12:113:Infinity":9,"b:119:37:119:58:119:58:119:Infinity":10,"b:122:70:122:85:122:85:122:87":11,"b:139:7:139:Infinity:140:8:371:Infinity":12,"b:146:17:146:Infinity:147:18:147:Infinity":13,"b:153:22:153:Infinity:154:22:154:Infinity":14,"f:157:26:157:27":4,"s:158:18:158:Infinity":21,"f:162:32:162:33":5,"s:163:18:165:Infinity":22,"b:174:17:174:Infinity:175:18:175:Infinity":15,"b:181:22:181:Infinity:182:22:182:Infinity":16,"f:185:26:185:27":6,"s:185:33:185:Infinity":23,"f:188:32:188:33":7,"s:189:18:191:Infinity":24,"b:200:17:200:Infinity:201:18:201:Infinity":17,"b:207:22:207:Infinity:208:22:208:Infinity":18,"f:211:26:211:27":8,"s:211:33:211:Infinity":25,"f:214:28:214:29":9,"s:215:18:217:Infinity":26,"b:226:17:226:Infinity:227:18:227:Infinity":19,"b:233:22:233:Infinity:234:22:234:Infinity":20,"f:237:26:237:27":10,"s:238:18:241:Infinity":27,"b:258:17:258:Infinity:259:18:259:Infinity":21,"b:267:22:267:Infinity:268:22:268:Infinity":22,"f:272:26:272:27":11,"s:272:33:272:Infinity":28,"b:279:17:279:Infinity:280:18:280:Infinity":23,"b:288:22:288:Infinity:289:22:289:Infinity":24,"f:293:26:293:27":12,"s:293:33:293:Infinity":29,"b:301:17:301:Infinity:302:18:302:Infinity":25,"b:311:22:311:Infinity:312:22:312:Infinity":26,"f:316:26:316:27":13,"s:316:33:316:Infinity":30,"b:323:17:323:Infinity:324:18:324:Infinity":27,"b:333:22:333:Infinity:334:22:334:Infinity":28,"f:338:26:338:27":14,"s:338:33:338:Infinity":31,"b:347:15:347:Infinity:348:16:348:Infinity":29,"b:354:20:354:Infinity:355:20:355:Infinity":30,"f:358:24:358:25":15,"s:359:16:362:Infinity":32}}}
,"/Users/muhiddin/projects/mktekhub/mktekhub-frontend/src/components/common/ProtectedRoute.tsx": {"path":"/Users/muhiddin/projects/mktekhub/mktekhub-frontend/src/components/common/ProtectedRoute.tsx","statementMap":{"0":{"start":{"line":9,"column":61},"end":{"line":36,"column":null}},"1":{"start":{"line":13,"column":46},"end":{"line":13,"column":null}},"2":{"start":{"line":15,"column":2},"end":{"line":21,"column":null}},"3":{"start":{"line":16,"column":4},"end":{"line":19,"column":null}},"4":{"start":{"line":23,"column":2},"end":{"line":25,"column":null}},"5":{"start":{"line":24,"column":4},"end":{"line":24,"column":null}},"6":{"start":{"line":27,"column":2},"end":{"line":33,"column":null}},"7":{"start":{"line":28,"column":4},"end":{"line":31,"column":null}},"8":{"start":{"line":35,"column":2},"end":{"line":35,"column":null}}},"fnMap":{"0":{"name":"(anonymous_0)","decl":{"start":{"line":9,"column":61},"end":{"line":9,"column":62}},"loc":{"start":{"line":12,"column":6},"end":{"line":36,"column":null}},"line":12}},"branchMap":{"0":{"loc":{"start":{"line":15,"column":2},"end":{"line":21,"column":null}},"type":"if","locations":[{"start":{"line":15,"column":2},"end":{"line":21,"column":null}},{"start":{},"end":{}}],"line":15},"1":{"loc":{"start":{"line":23,"column":2},"end":{"line":25,"column":null}},"type":"if","locations":[{"start":{"line":23,"column":2},"end":{"line":25,"column":null}},{"start":{},"end":{}}],"line":23},"2":{"loc":{"start":{"line":27,"column":2},"end":{"line":33,"column":null}},"type":"if","locations":[{"start":{"line":27,"column":2},"end":{"line":33,"column":null}},{"start":{},"end":{}}],"line":27},"3":{"loc":{"start":{"line":27,"column":6},"end":{"line":27,"column":46}},"type":"binary-expr","locations":[{"start":{"line":27,"column":6},"end":{"line":27,"column":22}},{"start":{"line":27,"column":22},"end":{"line":27,"column":46}}],"line":27}},"s":{"0":1,"1":18,"2":18,"3":4,"4":14,"5":2,"6":12,"7":3,"8":9},"f":{"0":18},"b":{"0":[4,14],"1":[2,12],"2":[3,9],"3":[12,6]},"meta":{"lastBranch":4,"lastFunction":1,"lastStatement":9,"seen":{"s:9:61:36:Infinity":0,"f:9:61:9:62":0,"s:13:46:13:Infinity":1,"b:15:2:21:Infinity:undefined:undefined:undefined:undefined":0,"s:15:2:21:Infinity":2,"s:16:4:19:Infinity":3,"b:23:2:25:Infinity:undefined:undefined:undefined:undefined":1,"s:23:2:25:Infinity":4,"s:24:4:24:Infinity":5,"b:27:2:33:Infinity:undefined:undefined:undefined:undefined":2,"s:27:2:33:Infinity":6,"b:27:6:27:22:27:22:27:46":3,"s:28:4:31:Infinity":7,"s:35:2:35:Infinity":8}}}
,"/Users/muhiddin/projects/mktekhub/mktekhub-frontend/src/components/common/SearchBar.tsx": {"path":"/Users/muhiddin/projects/mktekhub/mktekhub-frontend/src/components/common/SearchBar.tsx","statementMap":{"0":{"start":{"line":28,"column":51},"end":{"line":84,"column":null}},"1":{"start":{"line":34,"column":2},"end":{"line":82,"column":null}},"2":{"start":{"line":57,"column":25},"end":{"line":57,"column":null}},"3":{"start":{"line":62,"column":25},"end":{"line":62,"column":null}}},"fnMap":{"0":{"name":"(anonymous_0)","decl":{"start":{"line":28,"column":51},"end":{"line":28,"column":52}},"loc":{"start":{"line":33,"column":6},"end":{"line":84,"column":null}},"line":33},"1":{"name":"(anonymous_1)","decl":{"start":{"line":57,"column":18},"end":{"line":57,"column":19}},"loc":{"start":{"line":57,"column":25},"end":{"line":57,"column":null}},"line":57},"2":{"name":"(anonymous_2)","decl":{"start":{"line":62,"column":19},"end":{"line":62,"column":25}},"loc":{"start":{"line":62,"column":25},"end":{"line":62,"column":null}},"line":62}},"branchMap":{"0":{"loc":{"start":{"line":31,"column":2},"end":{"line":31,"column":null}},"type":"default-arg","locations":[{"start":{"line":31,"column":16},"end":{"line":31,"column":null}}],"line":31},"1":{"loc":{"start":{"line":32,"column":2},"end":{"line":32,"column":null}},"type":"default-arg","locations":[{"start":{"line":32,"column":14},"end":{"line":32,"column":null}}],"line":32},"2":{"loc":{"start":{"line":59,"column":7},"end":{"line":80,"column":null}},"type":"binary-expr","locations":[{"start":{"line":59,"column":7},"end":{"line":59,"column":null}},{"start":{"line":60,"column":8},"end":{"line":80,"column":null}}],"line":59}},"s":{"0":1,"1":18,"2":25,"3":1},"f":{"0":18,"1":25,"2":1},"b":{"0":[18],"1":[18],"2":[18,8]},"meta":{"lastBranch":3,"lastFunction":3,"lastStatement":4,"seen":{"s:28:51:84:Infinity":0,"f:28:51:28:52":0,"b:31:16:31:Infinity":0,"b:32:14:32:Infinity":1,"s:34:2:82:Infinity":1,"f:57:18:57:19":1,"s:57:25:57:Infinity":2,"b:59:7:59:Infinity:60:8:80:Infinity":2,"f:62:19:62:25":2,"s:62:25:62:Infinity":3}}}
,"/Users/muhiddin/projects/mktekhub/mktekhub-frontend/src/components/common/Skeleton.tsx": {"path":"/Users/muhiddin/projects/mktekhub/mktekhub-frontend/src/components/common/Skeleton.tsx","statementMap":{"0":{"start":{"line":7,"column":24},"end":{"line":34,"column":null}},"1":{"start":{"line":12,"column":22},"end":{"line":12,"column":null}},"2":{"start":{"line":14,"column":25},"end":{"line":19,"column":null}},"3":{"start":{"line":21,"column":24},"end":{"line":21,"column":null}},"4":{"start":{"line":23,"column":2},"end":{"line":25,"column":null}},"5":{"start":{"line":24,"column":4},"end":{"line":24,"column":null}},"6":{"start":{"line":27,"column":2},"end":{"line":32,"column":null}},"7":{"start":{"line":30,"column":8},"end":{"line":30,"column":null}},"8":{"start":{"line":36,"column":29},"end":{"line":44,"column":null}},"9":{"start":{"line":37,"column":2},"end":{"line":42,"column":null}},"10":{"start":{"line":40,"column":8},"end":{"line":40,"column":null}},"11":{"start":{"line":46,"column":28},"end":{"line":62,"column":null}},"12":{"start":{"line":47,"column":2},"end":{"line":60,"column":null}},"13":{"start":{"line":50,"column":8},"end":{"line":58,"column":null}}},"fnMap":{"0":{"name":"(anonymous_0)","decl":{"start":{"line":7,"column":24},"end":{"line":7,"column":25}},"loc":{"start":{"line":11,"column":21},"end":{"line":34,"column":null}},"line":11},"1":{"name":"(anonymous_1)","decl":{"start":{"line":29,"column":41},"end":{"line":29,"column":42}},"loc":{"start":{"line":30,"column":8},"end":{"line":30,"column":null}},"line":30},"2":{"name":"(anonymous_2)","decl":{"start":{"line":36,"column":29},"end":{"line":36,"column":30}},"loc":{"start":{"line":36,"column":66},"end":{"line":44,"column":null}},"line":36},"3":{"name":"(anonymous_3)","decl":{"start":{"line":39,"column":40},"end":{"line":39,"column":41}},"loc":{"start":{"line":40,"column":8},"end":{"line":40,"column":null}},"line":40},"4":{"name":"(anonymous_4)","decl":{"start":{"line":46,"column":28},"end":{"line":46,"column":29}},"loc":{"start":{"line":46,"column":67},"end":{"line":62,"column":null}},"line":46},"5":{"name":"(anonymous_5)","decl":{"start":{"line":49,"column":41},"end":{"line":49,"column":42}},"loc":{"start":{"line":50,"column":8},"end":{"line":58,"column":null}},"line":50}},"branchMap":{"0":{"loc":{"start":{"line":8,"column":2},"end":{"line":8,"column":null}},"type":"default-arg","locations":[{"start":{"line":8,"column":14},"end":{"line":8,"column":null}}],"line":8},"1":{"loc":{"start":{"line":9,"column":2},"end":{"line":9,"column":null}},"type":"default-arg","locations":[{"start":{"line":9,"column":12},"end":{"line":9,"column":null}}],"line":9},"2":{"loc":{"start":{"line":10,"column":2},"end":{"line":10,"column":null}},"type":"default-arg","locations":[{"start":{"line":10,"column":10},"end":{"line":10,"column":null}}],"line":10},"3":{"loc":{"start":{"line":23,"column":2},"end":{"line":25,"column":null}},"type":"if","locations":[{"start":{"line":23,"column":2},"end":{"line":25,"column":null}},{"start":{},"end":{}}],"line":23},"4":{"loc":{"start":{"line":36,"column":32},"end":{"line":36,"column":41}},"type":"default-arg","locations":[{"start":{"line":36,"column":39},"end":{"line":36,"column":41}}],"line":36},"5":{"loc":{"start":{"line":46,"column":31},"end":{"line":46,"column":41}},"type":"default-arg","locations":[{"start":{"line":46,"column":39},"end":{"line":46,"column":41}}],"line":46}},"s":{"0":1,"1":253,"2":253,"3":253,"4":253,"5":248,"6":5,"7":23,"8":1,"9":7,"10":76,"11":1,"12":12,"13":32},"f":{"0":253,"1":23,"2":7,"3":76,"4":12,"5":32},"b":{"0":[253],"1":[253],"2":[253],"3":[248,5],"4":[7],"5":[12]},"meta":{"lastBranch":6,"lastFunction":6,"lastStatement":14,"seen":{"s:7:24:34:Infinity":0,"f:7:24:7:25":0,"b:8:14:8:Infinity":0,"b:9:12:9:Infinity":1,"b:10:10:10:Infinity":2,"s:12:22:12:Infinity":1,"s:14:25:19:Infinity":2,"s:21:24:21:Infinity":3,"b:23:2:25:Infinity:undefined:undefined:undefined:undefined":3,"s:23:2:25:Infinity":4,"s:24:4:24:Infinity":5,"s:27:2:32:Infinity":6,"f:29:41:29:42":1,"s:30:8:30:Infinity":7,"s:36:29:44:Infinity":8,"f:36:29:36:30":2,"b:36:39:36:41":4,"s:37:2:42:Infinity":9,"f:39:40:39:41":3,"s:40:8:40:Infinity":10,"s:46:28:62:Infinity":11,"f:46:28:46:29":4,"b:46:39:46:41":5,"s:47:2:60:Infinity":12,"f:49:41:49:42":5,"s:50:8:58:Infinity":13}}}
,"/Users/muhiddin/projects/mktekhub/mktekhub-frontend/src/components/common/Toast.tsx": {"path":"/Users/muhiddin/projects/mktekhub/mktekhub-frontend/src/components/common/Toast.tsx","statementMap":{"0":{"start":{"line":7,"column":50},"end":{"line":144,"column":null}},"1":{"start":{"line":8,"column":22},"end":{"line":8,"column":null}},"2":{"start":{"line":9,"column":32},"end":{"line":9,"column":null}},"3":{"start":{"line":11,"column":2},"end":{"line":20,"column":null}},"4":{"start":{"line":12,"column":4},"end":{"line":19,"column":null}},"5":{"start":{"line":14,"column":24},"end":{"line":16,"column":null}},"6":{"start":{"line":15,"column":8},"end":{"line":15,"column":null}},"7":{"start":{"line":18,"column":6},"end":{"line":18,"column":null}},"8":{"start":{"line":18,"column":19},"end":{"line":18,"column":null}},"9":{"start":{"line":22,"column":22},"end":{"line":27,"column":null}},"10":{"start":{"line":23,"column":4},"end":{"line":23,"column":null}},"11":{"start":{"line":24,"column":4},"end":{"line":26,"column":null}},"12":{"start":{"line":25,"column":6},"end":{"line":25,"column":null}},"13":{"start":{"line":29,"column":25},"end":{"line":42,"column":null}},"14":{"start":{"line":30,"column":4},"end":{"line":41,"column":null}},"15":{"start":{"line":32,"column":8},"end":{"line":32,"column":null}},"16":{"start":{"line":34,"column":8},"end":{"line":34,"column":null}},"17":{"start":{"line":36,"column":8},"end":{"line":36,"column":null}},"18":{"start":{"line":38,"column":8},"end":{"line":38,"column":null}},"19":{"start":{"line":40,"column":8},"end":{"line":40,"column":null}},"20":{"start":{"line":44,"column":18},"end":{"line":113,"column":null}},"21":{"start":{"line":45,"column":4},"end":{"line":112,"column":null}},"22":{"start":{"line":47,"column":8},"end":{"line":60,"column":null}},"23":{"start":{"line":63,"column":8},"end":{"line":76,"column":null}},"24":{"start":{"line":79,"column":8},"end":{"line":92,"column":null}},"25":{"start":{"line":95,"column":8},"end":{"line":108,"column":null}},"26":{"start":{"line":111,"column":8},"end":{"line":111,"column":null}},"27":{"start":{"line":115,"column":2},"end":{"line":142,"column":null}},"28":{"start":{"line":149,"column":40},"end":{"line":164,"column":null}},"29":{"start":{"line":150,"column":17},"end":{"line":150,"column":null}},"30":{"start":{"line":152,"column":2},"end":{"line":162,"column":null}},"31":{"start":{"line":159,"column":10},"end":{"line":159,"column":null}}},"fnMap":{"0":{"name":"(anonymous_0)","decl":{"start":{"line":7,"column":50},"end":{"line":7,"column":51}},"loc":{"start":{"line":7,"column":65},"end":{"line":144,"column":null}},"line":7},"1":{"name":"(anonymous_1)","decl":{"start":{"line":11,"column":12},"end":{"line":11,"column":18}},"loc":{"start":{"line":11,"column":18},"end":{"line":20,"column":5}},"line":11},"2":{"name":"(anonymous_2)","decl":{"start":{"line":14,"column":35},"end":{"line":14,"column":41}},"loc":{"start":{"line":14,"column":41},"end":{"line":16,"column":9}},"line":14},"3":{"name":"(anonymous_3)","decl":{"start":{"line":18,"column":13},"end":{"line":18,"column":19}},"loc":{"start":{"line":18,"column":19},"end":{"line":18,"column":null}},"line":18},"4":{"name":"(anonymous_4)","decl":{"start":{"line":22,"column":22},"end":{"line":22,"column":28}},"loc":{"start":{"line":22,"column":28},"end":{"line":27,"column":null}},"line":22},"5":{"name":"(anonymous_5)","decl":{"start":{"line":24,"column":15},"end":{"line":24,"column":21}},"loc":{"start":{"line":24,"column":21},"end":{"line":26,"column":7}},"line":24},"6":{"name":"(anonymous_6)","decl":{"start":{"line":29,"column":25},"end":{"line":29,"column":31}},"loc":{"start":{"line":29,"column":31},"end":{"line":42,"column":null}},"line":29},"7":{"name":"(anonymous_7)","decl":{"start":{"line":44,"column":18},"end":{"line":44,"column":24}},"loc":{"start":{"line":44,"column":24},"end":{"line":113,"column":null}},"line":44},"8":{"name":"(anonymous_8)","decl":{"start":{"line":149,"column":40},"end":{"line":149,"column":46}},"loc":{"start":{"line":149,"column":46},"end":{"line":164,"column":null}},"line":149},"9":{"name":"(anonymous_9)","decl":{"start":{"line":158,"column":20},"end":{"line":158,"column":21}},"loc":{"start":{"line":159,"column":10},"end":{"line":159,"column":null}},"line":159}},"branchMap":{"0":{"loc":{"start":{"line":12,"column":4},"end":{"line":19,"column":null}},"type":"if","locations":[{"start":{"line":12,"column":4},"end":{"line":19,"column":null}},{"start":{},"end":{}}],"line":12},"1":{"loc":{"start":{"line":12,"column":8},"end":{"line":12,"column":46}},"type":"binary-expr","locations":[{"start":{"line":12,"column":8},"end":{"line":12,"column":26}},{"start":{"line":12,"column":26},"end":{"line":12,"column":46}}],"line":12},"2":{"loc":{"start":{"line":30,"column":4},"end":{"line":41,"column":null}},"type":"switch","locations":[{"start":{"line":31,"column":6},"end":{"line":32,"column":null}},{"start":{"line":33,"column":6},"end":{"line":34,"column":null}},{"start":{"line":35,"column":6},"end":{"line":36,"column":null}},{"start":{"line":37,"column":6},"end":{"line":38,"column":null}},{"start":{"line":39,"column":6},"end":{"line":40,"column":null}}],"line":30},"3":{"loc":{"start":{"line":45,"column":4},"end":{"line":112,"column":null}},"type":"switch","locations":[{"start":{"line":46,"column":6},"end":{"line":60,"column":null}},{"start":{"line":62,"column":6},"end":{"line":76,"column":null}},{"start":{"line":78,"column":6},"end":{"line":92,"column":null}},{"start":{"line":94,"column":6},"end":{"line":108,"column":null}},{"start":{"line":110,"column":6},"end":{"line":111,"column":null}}],"line":45},"4":{"loc":{"start":{"line":118,"column":8},"end":{"line":118,"column":null}},"type":"cond-expr","locations":[{"start":{"line":118,"column":20},"end":{"line":118,"column":51}},{"start":{"line":118,"column":51},"end":{"line":118,"column":null}}],"line":118}},"s":{"0":1,"1":56,"2":56,"3":56,"4":43,"5":42,"6":3,"7":42,"8":42,"9":56,"10":3,"11":3,"12":2,"13":56,"14":56,"15":33,"16":10,"17":7,"18":6,"19":0,"20":56,"21":56,"22":33,"23":10,"24":7,"25":6,"26":0,"27":56,"28":1,"29":80,"30":80,"31":52},"f":{"0":56,"1":43,"2":3,"3":42,"4":3,"5":2,"6":56,"7":56,"8":80,"9":52},"b":{"0":[42,1],"1":[43,42],"2":[33,10,7,6,0],"3":[33,10,7,6,0],"4":[4,52]},"meta":{"lastBranch":5,"lastFunction":10,"lastStatement":32,"seen":{"s:7:50:144:Infinity":0,"f:7:50:7:51":0,"s:8:22:8:Infinity":1,"s:9:32:9:Infinity":2,"s:11:2:20:Infinity":3,"f:11:12:11:18":1,"b:12:4:19:Infinity:undefined:undefined:undefined:undefined":0,"s:12:4:19:Infinity":4,"b:12:8:12:26:12:26:12:46":1,"s:14:24:16:Infinity":5,"f:14:35:14:41":2,"s:15:8:15:Infinity":6,"s:18:6:18:Infinity":7,"f:18:13:18:19":3,"s:18:19:18:Infinity":8,"s:22:22:27:Infinity":9,"f:22:22:22:28":4,"s:23:4:23:Infinity":10,"s:24:4:26:Infinity":11,"f:24:15:24:21":5,"s:25:6:25:Infinity":12,"s:29:25:42:Infinity":13,"f:29:25:29:31":6,"b:31:6:32:Infinity:33:6:34:Infinity:35:6:36:Infinity:37:6:38:Infinity:39:6:40:Infinity":2,"s:30:4:41:Infinity":14,"s:32:8:32:Infinity":15,"s:34:8:34:Infinity":16,"s:36:8:36:Infinity":17,"s:38:8:38:Infinity":18,"s:40:8:40:Infinity":19,"s:44:18:113:Infinity":20,"f:44:18:44:24":7,"b:46:6:60:Infinity:62:6:76:Infinity:78:6:92:Infinity:94:6:108:Infinity:110:6:111:Infinity":3,"s:45:4:112:Infinity":21,"s:47:8:60:Infinity":22,"s:63:8:76:Infinity":23,"s:79:8:92:Infinity":24,"s:95:8:108:Infinity":25,"s:111:8:111:Infinity":26,"s:115:2:142:Infinity":27,"b:118:20:118:51:118:51:118:Infinity":4,"s:149:40:164:Infinity":28,"f:149:40:149:46":8,"s:150:17:150:Infinity":29,"s:152:2:162:Infinity":30,"f:158:20:158:21":9,"s:159:10:159:Infinity":31}}}
,"/Users/muhiddin/projects/mktekhub/mktekhub-frontend/src/components/common/Tooltip.tsx": {"path":"/Users/muhiddin/projects/mktekhub/mktekhub-frontend/src/components/common/Tooltip.tsx","statementMap":{"0":{"start":{"line":28,"column":47},"end":{"line":86,"column":null}},"1":{"start":{"line":34,"column":32},"end":{"line":34,"column":null}},"2":{"start":{"line":36,"column":28},"end":{"line":49,"column":null}},"3":{"start":{"line":37,"column":4},"end":{"line":48,"column":null}},"4":{"start":{"line":39,"column":8},"end":{"line":39,"column":null}},"5":{"start":{"line":41,"column":8},"end":{"line":41,"column":null}},"6":{"start":{"line":43,"column":8},"end":{"line":43,"column":null}},"7":{"start":{"line":45,"column":8},"end":{"line":45,"column":null}},"8":{"start":{"line":47,"column":8},"end":{"line":47,"column":null}},"9":{"start":{"line":51,"column":25},"end":{"line":64,"column":null}},"10":{"start":{"line":52,"column":4},"end":{"line":63,"column":null}},"11":{"start":{"line":54,"column":8},"end":{"line":54,"column":null}},"12":{"start":{"line":56,"column":8},"end":{"line":56,"column":null}},"13":{"start":{"line":58,"column":8},"end":{"line":58,"column":null}},"14":{"start":{"line":60,"column":8},"end":{"line":60,"column":null}},"15":{"start":{"line":62,"column":8},"end":{"line":62,"column":null}},"16":{"start":{"line":66,"column":2},"end":{"line":84,"column":null}},"17":{"start":{"line":69,"column":26},"end":{"line":69,"column":null}},"18":{"start":{"line":70,"column":26},"end":{"line":70,"column":null}}},"fnMap":{"0":{"name":"(anonymous_0)","decl":{"start":{"line":28,"column":47},"end":{"line":28,"column":48}},"loc":{"start":{"line":33,"column":6},"end":{"line":86,"column":null}},"line":33},"1":{"name":"(anonymous_1)","decl":{"start":{"line":36,"column":28},"end":{"line":36,"column":34}},"loc":{"start":{"line":36,"column":34},"end":{"line":49,"column":null}},"line":36},"2":{"name":"(anonymous_2)","decl":{"start":{"line":51,"column":25},"end":{"line":51,"column":31}},"loc":{"start":{"line":51,"column":31},"end":{"line":64,"column":null}},"line":51},"3":{"name":"(anonymous_3)","decl":{"start":{"line":69,"column":20},"end":{"line":69,"column":26}},"loc":{"start":{"line":69,"column":26},"end":{"line":69,"column":null}},"line":69},"4":{"name":"(anonymous_4)","decl":{"start":{"line":70,"column":20},"end":{"line":70,"column":26}},"loc":{"start":{"line":70,"column":26},"end":{"line":70,"column":null}},"line":70}},"branchMap":{"0":{"loc":{"start":{"line":31,"column":2},"end":{"line":31,"column":null}},"type":"default-arg","locations":[{"start":{"line":31,"column":13},"end":{"line":31,"column":null}}],"line":31},"1":{"loc":{"start":{"line":32,"column":2},"end":{"line":32,"column":null}},"type":"default-arg","locations":[{"start":{"line":32,"column":14},"end":{"line":32,"column":null}}],"line":32},"2":{"loc":{"start":{"line":37,"column":4},"end":{"line":48,"column":null}},"type":"switch","locations":[{"start":{"line":38,"column":6},"end":{"line":39,"column":null}},{"start":{"line":40,"column":6},"end":{"line":41,"column":null}},{"start":{"line":42,"column":6},"end":{"line":43,"column":null}},{"start":{"line":44,"column":6},"end":{"line":45,"column":null}},{"start":{"line":46,"column":6},"end":{"line":47,"column":null}}],"line":37},"3":{"loc":{"start":{"line":52,"column":4},"end":{"line":63,"column":null}},"type":"switch","locations":[{"start":{"line":53,"column":6},"end":{"line":54,"column":null}},{"start":{"line":55,"column":6},"end":{"line":56,"column":null}},{"start":{"line":57,"column":6},"end":{"line":58,"column":null}},{"start":{"line":59,"column":6},"end":{"line":60,"column":null}},{"start":{"line":61,"column":6},"end":{"line":62,"column":null}}],"line":52},"4":{"loc":{"start":{"line":73,"column":7},"end":{"line":82,"column":null}},"type":"binary-expr","locations":[{"start":{"line":73,"column":7},"end":{"line":73,"column":20}},{"start":{"line":73,"column":20},"end":{"line":73,"column":null}},{"start":{"line":74,"column":8},"end":{"line":82,"column":null}}],"line":73}},"s":{"0":1,"1":46,"2":46,"3":20,"4":17,"5":1,"6":1,"7":1,"8":0,"9":46,"10":20,"11":17,"12":1,"13":1,"14":1,"15":0,"16":46,"17":21,"18":2},"f":{"0":46,"1":20,"2":20,"3":21,"4":2},"b":{"0":[46],"1":[46],"2":[17,1,1,1,0],"3":[17,1,1,1,0],"4":[46,21,20]},"meta":{"lastBranch":5,"lastFunction":5,"lastStatement":19,"seen":{"s:28:47:86:Infinity":0,"f:28:47:28:48":0,"b:31:13:31:Infinity":0,"b:32:14:32:Infinity":1,"s:34:32:34:Infinity":1,"s:36:28:49:Infinity":2,"f:36:28:36:34":1,"b:38:6:39:Infinity:40:6:41:Infinity:42:6:43:Infinity:44:6:45:Infinity:46:6:47:Infinity":2,"s:37:4:48:Infinity":3,"s:39:8:39:Infinity":4,"s:41:8:41:Infinity":5,"s:43:8:43:Infinity":6,"s:45:8:45:Infinity":7,"s:47:8:47:Infinity":8,"s:51:25:64:Infinity":9,"f:51:25:51:31":2,"b:53:6:54:Infinity:55:6:56:Infinity:57:6:58:Infinity:59:6:60:Infinity:61:6:62:Infinity":3,"s:52:4:63:Infinity":10,"s:54:8:54:Infinity":11,"s:56:8:56:Infinity":12,"s:58:8:58:Infinity":13,"s:60:8:60:Infinity":14,"s:62:8:62:Infinity":15,"s:66:2:84:Infinity":16,"f:69:20:69:26":3,"s:69:26:69:Infinity":17,"f:70:20:70:26":4,"s:70:26:70:Infinity":18,"b:73:7:73:20:73:20:73:Infinity:74:8:82:Infinity":4}}}
,"/Users/muhiddin/projects/mktekhub/mktekhub-frontend/src/components/inventory/InventoryMobileCard.tsx": {"path":"/Users/muhiddin/projects/mktekhub/mktekhub-frontend/src/components/inventory/InventoryMobileCard.tsx","statementMap":{"0":{"start":{"line":14,"column":35},"end":{"line":193,"column":null}},"1":{"start":{"line":23,"column":2},"end":{"line":191,"column":null}},"2":{"start":{"line":59,"column":10},"end":{"line":188,"column":null}},"3":{"start":{"line":127,"column":33},"end":{"line":127,"column":null}},"4":{"start":{"line":147,"column":33},"end":{"line":147,"column":null}},"5":{"start":{"line":167,"column":33},"end":{"line":167,"column":null}}},"fnMap":{"0":{"name":"(anonymous_0)","decl":{"start":{"line":14,"column":35},"end":{"line":14,"column":36}},"loc":{"start":{"line":22,"column":32},"end":{"line":193,"column":null}},"line":22},"1":{"name":"(anonymous_1)","decl":{"start":{"line":58,"column":18},"end":{"line":58,"column":19}},"loc":{"start":{"line":59,"column":10},"end":{"line":188,"column":null}},"line":59},"2":{"name":"(anonymous_2)","decl":{"start":{"line":127,"column":27},"end":{"line":127,"column":33}},"loc":{"start":{"line":127,"column":33},"end":{"line":127,"column":null}},"line":127},"3":{"name":"(anonymous_3)","decl":{"start":{"line":147,"column":27},"end":{"line":147,"column":33}},"loc":{"start":{"line":147,"column":33},"end":{"line":147,"column":null}},"line":147},"4":{"name":"(anonymous_4)","decl":{"start":{"line":167,"column":27},"end":{"line":167,"column":33}},"loc":{"start":{"line":167,"column":33},"end":{"line":167,"column":null}},"line":167}},"branchMap":{"0":{"loc":{"start":{"line":25,"column":7},"end":{"line":189,"column":null}},"type":"cond-expr","locations":[{"start":{"line":26,"column":8},"end":{"line":56,"column":null}},{"start":{"line":58,"column":8},"end":{"line":189,"column":null}}],"line":25},"1":{"loc":{"start":{"line":44,"column":13},"end":{"line":46,"column":null}},"type":"cond-expr","locations":[{"start":{"line":45,"column":16},"end":{"line":45,"column":null}},{"start":{"line":46,"column":16},"end":{"line":46,"column":null}}],"line":44},"2":{"loc":{"start":{"line":48,"column":11},"end":{"line":54,"column":null}},"type":"binary-expr","locations":[{"start":{"line":48,"column":11},"end":{"line":48,"column":null}},{"start":{"line":49,"column":12},"end":{"line":54,"column":null}}],"line":48},"3":{"loc":{"start":{"line":74,"column":47},"end":{"line":74,"column":70}},"type":"binary-expr","locations":[{"start":{"line":74,"column":47},"end":{"line":74,"column":64}},{"start":{"line":74,"column":64},"end":{"line":74,"column":70}}],"line":74},"4":{"loc":{"start":{"line":87,"column":21},"end":{"line":87,"column":42}},"type":"binary-expr","locations":[{"start":{"line":87,"column":21},"end":{"line":87,"column":39}},{"start":{"line":87,"column":39},"end":{"line":87,"column":42}}],"line":87},"5":{"loc":{"start":{"line":93,"column":20},"end":{"line":93,"column":45}},"type":"binary-expr","locations":[{"start":{"line":93,"column":20},"end":{"line":93,"column":42}},{"start":{"line":93,"column":42},"end":{"line":93,"column":45}}],"line":93},"6":{"loc":{"start":{"line":99,"column":20},"end":{"line":99,"column":43}},"type":"binary-expr","locations":[{"start":{"line":99,"column":20},"end":{"line":99,"column":40}},{"start":{"line":99,"column":40},"end":{"line":99,"column":43}}],"line":99},"7":{"loc":{"start":{"line":105,"column":38},"end":{"line":105,"column":60}},"type":"binary-expr","locations":[{"start":{"line":105,"column":38},"end":{"line":105,"column":56}},{"start":{"line":105,"column":56},"end":{"line":105,"column":60}}],"line":105},"8":{"loc":{"start":{"line":124,"column":13},"end":{"line":186,"column":null}},"type":"binary-expr","locations":[{"start":{"line":124,"column":13},"end":{"line":124,"column":null}},{"start":{"line":125,"column":14},"end":{"line":186,"column":null}}],"line":124}},"s":{"0":1,"1":38,"2":113,"3":1,"4":1,"5":1},"f":{"0":38,"1":113,"2":1,"3":1,"4":1},"b":{"0":[6,32],"1":[3,3],"2":[6,3],"3":[113,1],"4":[113,0],"5":[113,113],"6":[113,113],"7":[113,0],"8":[113,24]},"meta":{"lastBranch":9,"lastFunction":5,"lastStatement":6,"seen":{"s:14:35:193:Infinity":0,"f:14:35:14:36":0,"s:23:2:191:Infinity":1,"b:26:8:56:Infinity:58:8:189:Infinity":0,"b:45:16:45:Infinity:46:16:46:Infinity":1,"b:48:11:48:Infinity:49:12:54:Infinity":2,"f:58:18:58:19":1,"s:59:10:188:Infinity":2,"b:74:47:74:64:74:64:74:70":3,"b:87:21:87:39:87:39:87:42":4,"b:93:20:93:42:93:42:93:45":5,"b:99:20:99:40:99:40:99:43":6,"b:105:38:105:56:105:56:105:60":7,"b:124:13:124:Infinity:125:14:186:Infinity":8,"f:127:27:127:33":2,"s:127:33:127:Infinity":3,"f:147:27:147:33":3,"s:147:33:147:Infinity":4,"f:167:27:167:33":4,"s:167:33:167:Infinity":5}}}
,"/Users/muhiddin/projects/mktekhub/mktekhub-frontend/src/components/inventory/InventoryTable.tsx": {"path":"/Users/muhiddin/projects/mktekhub/mktekhub-frontend/src/components/inventory/InventoryTable.tsx","statementMap":{"0":{"start":{"line":19,"column":30},"end":{"line":237,"column":null}},"1":{"start":{"line":28,"column":2},"end":{"line":235,"column":null}},"2":{"start":{"line":108,"column":16},"end":{"line":229,"column":null}},"3":{"start":{"line":163,"column":43},"end":{"line":163,"column":null}},"4":{"start":{"line":184,"column":43},"end":{"line":184,"column":null}},"5":{"start":{"line":205,"column":43},"end":{"line":205,"column":null}}},"fnMap":{"0":{"name":"(anonymous_0)","decl":{"start":{"line":19,"column":30},"end":{"line":19,"column":31}},"loc":{"start":{"line":27,"column":27},"end":{"line":237,"column":null}},"line":27},"1":{"name":"(anonymous_1)","decl":{"start":{"line":107,"column":24},"end":{"line":107,"column":25}},"loc":{"start":{"line":108,"column":16},"end":{"line":229,"column":null}},"line":108},"2":{"name":"(anonymous_2)","decl":{"start":{"line":163,"column":37},"end":{"line":163,"column":43}},"loc":{"start":{"line":163,"column":43},"end":{"line":163,"column":null}},"line":163},"3":{"name":"(anonymous_3)","decl":{"start":{"line":184,"column":37},"end":{"line":184,"column":43}},"loc":{"start":{"line":184,"column":43},"end":{"line":184,"column":null}},"line":184},"4":{"name":"(anonymous_4)","decl":{"start":{"line":205,"column":37},"end":{"line":205,"column":43}},"loc":{"start":{"line":205,"column":43},"end":{"line":205,"column":null}},"line":205}},"branchMap":{"0":{"loc":{"start":{"line":70,"column":13},"end":{"line":230,"column":null}},"type":"cond-expr","locations":[{"start":{"line":71,"column":14},"end":{"line":105,"column":null}},{"start":{"line":107,"column":14},"end":{"line":230,"column":null}}],"line":70},"1":{"loc":{"start":{"line":91,"column":23},"end":{"line":93,"column":null}},"type":"cond-expr","locations":[{"start":{"line":92,"column":26},"end":{"line":92,"column":null}},{"start":{"line":93,"column":26},"end":{"line":93,"column":null}}],"line":91},"2":{"loc":{"start":{"line":95,"column":21},"end":{"line":101,"column":null}},"type":"binary-expr","locations":[{"start":{"line":95,"column":21},"end":{"line":95,"column":null}},{"start":{"line":96,"column":22},"end":{"line":101,"column":null}}],"line":95},"3":{"loc":{"start":{"line":121,"column":21},"end":{"line":121,"column":null}},"type":"binary-expr","locations":[{"start":{"line":121,"column":21},"end":{"line":121,"column":38}},{"start":{"line":121,"column":38},"end":{"line":121,"column":null}}],"line":121},"4":{"loc":{"start":{"line":138,"column":22},"end":{"line":138,"column":null}},"type":"binary-expr","locations":[{"start":{"line":138,"column":22},"end":{"line":138,"column":52}},{"start":{"line":138,"column":52},"end":{"line":138,"column":null}}],"line":138},"5":{"loc":{"start":{"line":141,"column":21},"end":{"line":141,"column":60}},"type":"binary-expr","locations":[{"start":{"line":141,"column":21},"end":{"line":141,"column":53}},{"start":{"line":141,"column":53},"end":{"line":141,"column":60}}],"line":141},"6":{"loc":{"start":{"line":144,"column":22},"end":{"line":144,"column":null}},"type":"binary-expr","locations":[{"start":{"line":144,"column":22},"end":{"line":144,"column":53}},{"start":{"line":144,"column":53},"end":{"line":144,"column":null}}],"line":144},"7":{"loc":{"start":{"line":159,"column":21},"end":{"line":226,"column":null}},"type":"cond-expr","locations":[{"start":{"line":160,"column":22},"end":{"line":224,"column":null}},{"start":{"line":226,"column":22},"end":{"line":226,"column":null}}],"line":159}},"s":{"0":1,"1":34,"2":112,"3":1,"4":1,"5":1},"f":{"0":34,"1":112,"2":1,"3":1,"4":1},"b":{"0":[6,28],"1":[3,3],"2":[6,3],"3":[112,0],"4":[112,0],"5":[112,112],"6":[112,112],"7":[24,88]},"meta":{"lastBranch":8,"lastFunction":5,"lastStatement":6,"seen":{"s:19:30:237:Infinity":0,"f:19:30:19:31":0,"s:28:2:235:Infinity":1,"b:71:14:105:Infinity:107:14:230:Infinity":0,"b:92:26:92:Infinity:93:26:93:Infinity":1,"b:95:21:95:Infinity:96:22:101:Infinity":2,"f:107:24:107:25":1,"s:108:16:229:Infinity":2,"b:121:21:121:38:121:38:121:Infinity":3,"b:138:22:138:52:138:52:138:Infinity":4,"b:141:21:141:53:141:53:141:60":5,"b:144:22:144:53:144:53:144:Infinity":6,"b:160:22:224:Infinity:226:22:226:Infinity":7,"f:163:37:163:43":2,"s:163:43:163:Infinity":3,"f:184:37:184:43":3,"s:184:43:184:Infinity":4,"f:205:37:205:43":4,"s:205:43:205:Infinity":5}}}
,"/Users/muhiddin/projects/mktekhub/mktekhub-frontend/src/components/layout/Layout.tsx": {"path":"/Users/muhiddin/projects/mktekhub/mktekhub-frontend/src/components/layout/Layout.tsx","statementMap":{"0":{"start":{"line":7,"column":45},"end":{"line":14,"column":null}},"1":{"start":{"line":8,"column":2},"end":{"line":12,"column":null}}},"fnMap":{"0":{"name":"(anonymous_0)","decl":{"start":{"line":7,"column":45},"end":{"line":7,"column":46}},"loc":{"start":{"line":7,"column":63},"end":{"line":14,"column":null}},"line":7}},"branchMap":{},"s":{"0":1,"1":12},"f":{"0":12},"b":{},"meta":{"lastBranch":0,"lastFunction":1,"lastStatement":2,"seen":{"s:7:45:14:Infinity":0,"f:7:45:7:46":0,"s:8:2:12:Infinity":1}}}
,"/Users/muhiddin/projects/mktekhub/mktekhub-frontend/src/components/layout/Navbar.tsx": {"path":"/Users/muhiddin/projects/mktekhub/mktekhub-frontend/src/components/layout/Navbar.tsx","statementMap":{"0":{"start":{"line":6,"column":22},"end":{"line":328,"column":null}},"1":{"start":{"line":7,"column":32},"end":{"line":7,"column":null}},"2":{"start":{"line":8,"column":8},"end":{"line":8,"column":null}},"3":{"start":{"line":9,"column":8},"end":{"line":9,"column":null}},"4":{"start":{"line":10,"column":46},"end":{"line":10,"column":null}},"5":{"start":{"line":13,"column":19},"end":{"line":13,"column":null}},"6":{"start":{"line":13,"column":37},"end":{"line":13,"column":null}},"7":{"start":{"line":15,"column":23},"end":{"line":19,"column":null}},"8":{"start":{"line":16,"column":4},"end":{"line":16,"column":null}},"9":{"start":{"line":17,"column":4},"end":{"line":17,"column":null}},"10":{"start":{"line":18,"column":4},"end":{"line":18,"column":null}},"11":{"start":{"line":21,"column":26},"end":{"line":23,"column":null}},"12":{"start":{"line":22,"column":4},"end":{"line":22,"column":null}},"13":{"start":{"line":25,"column":27},"end":{"line":25,"column":null}},"14":{"start":{"line":27,"column":2},"end":{"line":326,"column":null}},"15":{"start":{"line":155,"column":29},"end":{"line":155,"column":null}}},"fnMap":{"0":{"name":"(anonymous_0)","decl":{"start":{"line":6,"column":22},"end":{"line":6,"column":28}},"loc":{"start":{"line":6,"column":28},"end":{"line":328,"column":null}},"line":6},"1":{"name":"(anonymous_1)","decl":{"start":{"line":13,"column":19},"end":{"line":13,"column":20}},"loc":{"start":{"line":13,"column":37},"end":{"line":13,"column":null}},"line":13},"2":{"name":"(anonymous_2)","decl":{"start":{"line":15,"column":23},"end":{"line":15,"column":29}},"loc":{"start":{"line":15,"column":29},"end":{"line":19,"column":null}},"line":15},"3":{"name":"(anonymous_3)","decl":{"start":{"line":21,"column":26},"end":{"line":21,"column":32}},"loc":{"start":{"line":21,"column":32},"end":{"line":23,"column":null}},"line":21},"4":{"name":"(anonymous_4)","decl":{"start":{"line":155,"column":23},"end":{"line":155,"column":29}},"loc":{"start":{"line":155,"column":29},"end":{"line":155,"column":null}},"line":155}},"branchMap":{"0":{"loc":{"start":{"line":25,"column":27},"end":{"line":25,"column":null}},"type":"binary-expr","locations":[{"start":{"line":25,"column":27},"end":{"line":25,"column":47}},{"start":{"line":25,"column":47},"end":{"line":25,"column":null}}],"line":25},"1":{"loc":{"start":{"line":50,"column":16},"end":{"line":52,"column":null}},"type":"cond-expr","locations":[{"start":{"line":51,"column":20},"end":{"line":51,"column":null}},{"start":{"line":52,"column":20},"end":{"line":52,"column":null}}],"line":50},"2":{"loc":{"start":{"line":60,"column":16},"end":{"line":62,"column":null}},"type":"cond-expr","locations":[{"start":{"line":61,"column":20},"end":{"line":61,"column":null}},{"start":{"line":62,"column":20},"end":{"line":62,"column":null}}],"line":60},"3":{"loc":{"start":{"line":70,"column":16},"end":{"line":72,"column":null}},"type":"cond-expr","locations":[{"start":{"line":71,"column":20},"end":{"line":71,"column":null}},{"start":{"line":72,"column":20},"end":{"line":72,"column":null}}],"line":70},"4":{"loc":{"start":{"line":77,"column":13},"end":{"line":99,"column":null}},"type":"binary-expr","locations":[{"start":{"line":77,"column":13},"end":{"line":77,"column":null}},{"start":{"line":78,"column":14},"end":{"line":99,"column":null}}],"line":77},"5":{"loc":{"start":{"line":82,"column":20},"end":{"line":84,"column":null}},"type":"cond-expr","locations":[{"start":{"line":83,"column":24},"end":{"line":83,"column":null}},{"start":{"line":84,"column":24},"end":{"line":84,"column":null}}],"line":82},"6":{"loc":{"start":{"line":92,"column":20},"end":{"line":94,"column":null}},"type":"cond-expr","locations":[{"start":{"line":93,"column":24},"end":{"line":93,"column":null}},{"start":{"line":94,"column":24},"end":{"line":94,"column":null}}],"line":92},"7":{"loc":{"start":{"line":104,"column":16},"end":{"line":106,"column":null}},"type":"cond-expr","locations":[{"start":{"line":105,"column":20},"end":{"line":105,"column":null}},{"start":{"line":106,"column":20},"end":{"line":106,"column":null}}],"line":104},"8":{"loc":{"start":{"line":114,"column":16},"end":{"line":116,"column":null}},"type":"cond-expr","locations":[{"start":{"line":115,"column":20},"end":{"line":115,"column":null}},{"start":{"line":116,"column":20},"end":{"line":116,"column":null}}],"line":114},"9":{"loc":{"start":{"line":124,"column":16},"end":{"line":126,"column":null}},"type":"cond-expr","locations":[{"start":{"line":125,"column":20},"end":{"line":125,"column":null}},{"start":{"line":126,"column":20},"end":{"line":126,"column":null}}],"line":124},"10":{"loc":{"start":{"line":161,"column":17},"end":{"line":161,"column":53}},"type":"cond-expr","locations":[{"start":{"line":161,"column":36},"end":{"line":161,"column":46}},{"start":{"line":161,"column":46},"end":{"line":161,"column":53}}],"line":161},"11":{"loc":{"start":{"line":163,"column":15},"end":{"line":192,"column":null}},"type":"cond-expr","locations":[{"start":{"line":164,"column":16},"end":{"line":177,"column":null}},{"start":{"line":179,"column":16},"end":{"line":192,"column":null}}],"line":163},"12":{"loc":{"start":{"line":200,"column":7},"end":{"line":324,"column":null}},"type":"binary-expr","locations":[{"start":{"line":200,"column":7},"end":{"line":200,"column":null}},{"start":{"line":201,"column":8},"end":{"line":324,"column":null}}],"line":200},"13":{"loc":{"start":{"line":225,"column":18},"end":{"line":227,"column":null}},"type":"cond-expr","locations":[{"start":{"line":226,"column":22},"end":{"line":226,"column":null}},{"start":{"line":227,"column":22},"end":{"line":227,"column":null}}],"line":225},"14":{"loc":{"start":{"line":236,"column":18},"end":{"line":238,"column":null}},"type":"cond-expr","locations":[{"start":{"line":237,"column":22},"end":{"line":237,"column":null}},{"start":{"line":238,"column":22},"end":{"line":238,"column":null}}],"line":236},"15":{"loc":{"start":{"line":247,"column":18},"end":{"line":249,"column":null}},"type":"cond-expr","locations":[{"start":{"line":248,"column":22},"end":{"line":248,"column":null}},{"start":{"line":249,"column":22},"end":{"line":249,"column":null}}],"line":247},"16":{"loc":{"start":{"line":255,"column":15},"end":{"line":279,"column":null}},"type":"binary-expr","locations":[{"start":{"line":255,"column":15},"end":{"line":255,"column":null}},{"start":{"line":256,"column":16},"end":{"line":279,"column":null}}],"line":255},"17":{"loc":{"start":{"line":260,"column":22},"end":{"line":262,"column":null}},"type":"cond-expr","locations":[{"start":{"line":261,"column":26},"end":{"line":261,"column":null}},{"start":{"line":262,"column":26},"end":{"line":262,"column":null}}],"line":260},"18":{"loc":{"start":{"line":271,"column":22},"end":{"line":273,"column":null}},"type":"cond-expr","locations":[{"start":{"line":272,"column":26},"end":{"line":272,"column":null}},{"start":{"line":273,"column":26},"end":{"line":273,"column":null}}],"line":271},"19":{"loc":{"start":{"line":284,"column":18},"end":{"line":286,"column":null}},"type":"cond-expr","locations":[{"start":{"line":285,"column":22},"end":{"line":285,"column":null}},{"start":{"line":286,"column":22},"end":{"line":286,"column":null}}],"line":284},"20":{"loc":{"start":{"line":295,"column":18},"end":{"line":297,"column":null}},"type":"cond-expr","locations":[{"start":{"line":296,"column":22},"end":{"line":296,"column":null}},{"start":{"line":297,"column":22},"end":{"line":297,"column":null}}],"line":295},"21":{"loc":{"start":{"line":306,"column":18},"end":{"line":308,"column":null}},"type":"cond-expr","locations":[{"start":{"line":307,"column":22},"end":{"line":307,"column":null}},{"start":{"line":308,"column":22},"end":{"line":308,"column":null}}],"line":306}},"s":{"0":1,"1":50,"2":50,"3":50,"4":50,"5":50,"6":354,"7":50,"8":3,"9":3,"10":3,"11":50,"12":2,"13":50,"14":50,"15":9},"f":{"0":50,"1":354,"2":3,"3":2,"4":9},"b":{"0":[50,48],"1":[3,47],"2":[0,50],"3":[1,49],"4":[50,3],"5":[0,3],"6":[0,3],"7":[0,50],"8":[0,50],"9":[0,50],"10":[8,42],"11":[42,8],"12":[50,8],"13":[0,8],"14":[0,8],"15":[0,8],"16":[8,0],"17":[0,0],"18":[0,0],"19":[0,8],"20":[0,8],"21":[0,8]},"meta":{"lastBranch":22,"lastFunction":5,"lastStatement":16,"seen":{"s:6:22:328:Infinity":0,"f:6:22:6:28":0,"s:7:32:7:Infinity":1,"s:8:8:8:Infinity":2,"s:9:8:9:Infinity":3,"s:10:46:10:Infinity":4,"s:13:19:13:Infinity":5,"f:13:19:13:20":1,"s:13:37:13:Infinity":6,"s:15:23:19:Infinity":7,"f:15:23:15:29":2,"s:16:4:16:Infinity":8,"s:17:4:17:Infinity":9,"s:18:4:18:Infinity":10,"s:21:26:23:Infinity":11,"f:21:26:21:32":3,"s:22:4:22:Infinity":12,"s:25:27:25:Infinity":13,"b:25:27:25:47:25:47:25:Infinity":0,"s:27:2:326:Infinity":14,"b:51:20:51:Infinity:52:20:52:Infinity":1,"b:61:20:61:Infinity:62:20:62:Infinity":2,"b:71:20:71:Infinity:72:20:72:Infinity":3,"b:77:13:77:Infinity:78:14:99:Infinity":4,"b:83:24:83:Infinity:84:24:84:Infinity":5,"b:93:24:93:Infinity:94:24:94:Infinity":6,"b:105:20:105:Infinity:106:20:106:Infinity":7,"b:115:20:115:Infinity:116:20:116:Infinity":8,"b:125:20:125:Infinity:126:20:126:Infinity":9,"f:155:23:155:29":4,"s:155:29:155:Infinity":15,"b:161:36:161:46:161:46:161:53":10,"b:164:16:177:Infinity:179:16:192:Infinity":11,"b:200:7:200:Infinity:201:8:324:Infinity":12,"b:226:22:226:Infinity:227:22:227:Infinity":13,"b:237:22:237:Infinity:238:22:238:Infinity":14,"b:248:22:248:Infinity:249:22:249:Infinity":15,"b:255:15:255:Infinity:256:16:279:Infinity":16,"b:261:26:261:Infinity:262:26:262:Infinity":17,"b:272:26:272:Infinity:273:26:273:Infinity":18,"b:285:22:285:Infinity:286:22:286:Infinity":19,"b:296:22:296:Infinity:297:22:297:Infinity":20,"b:307:22:307:Infinity:308:22:308:Infinity":21}}}
,"/Users/muhiddin/projects/mktekhub/mktekhub-frontend/src/components/layout/mkth.png": {"path":"/Users/muhiddin/projects/mktekhub/mktekhub-frontend/src/components/layout/mkth.png","statementMap":{},"fnMap":{},"branchMap":{},"s":{},"f":{},"b":{},"meta":{"lastBranch":0,"lastFunction":0,"lastStatement":0,"seen":{}}}
,"/Users/muhiddin/projects/mktekhub/mktekhub-frontend/src/contexts/AuthContext.tsx": {"path":"/Users/muhiddin/projects/mktekhub/mktekhub-frontend/src/contexts/AuthContext.tsx","statementMap":{"0":{"start":{"line":15,"column":6},"end":{"line":15,"column":null}},"1":{"start":{"line":17,"column":69},"end":{"line":68,"column":null}},"2":{"start":{"line":20,"column":22},"end":{"line":20,"column":null}},"3":{"start":{"line":21,"column":32},"end":{"line":21,"column":null}},"4":{"start":{"line":23,"column":2},"end":{"line":30,"column":null}},"5":{"start":{"line":25,"column":24},"end":{"line":25,"column":null}},"6":{"start":{"line":26,"column":4},"end":{"line":28,"column":null}},"7":{"start":{"line":27,"column":6},"end":{"line":27,"column":null}},"8":{"start":{"line":29,"column":4},"end":{"line":29,"column":null}},"9":{"start":{"line":32,"column":16},"end":{"line":37,"column":null}},"10":{"start":{"line":33,"column":21},"end":{"line":33,"column":null}},"11":{"start":{"line":34,"column":4},"end":{"line":34,"column":null}},"12":{"start":{"line":35,"column":4},"end":{"line":35,"column":null}},"13":{"start":{"line":36,"column":4},"end":{"line":36,"column":null}},"14":{"start":{"line":39,"column":17},"end":{"line":42,"column":null}},"15":{"start":{"line":40,"column":20},"end":{"line":40,"column":null}},"16":{"start":{"line":41,"column":4},"end":{"line":41,"column":null}},"17":{"start":{"line":44,"column":17},"end":{"line":47,"column":null}},"18":{"start":{"line":45,"column":4},"end":{"line":45,"column":null}},"19":{"start":{"line":46,"column":4},"end":{"line":46,"column":null}},"20":{"start":{"line":49,"column":18},"end":{"line":51,"column":null}},"21":{"start":{"line":50,"column":4},"end":{"line":50,"column":null}},"22":{"start":{"line":53,"column":2},"end":{"line":66,"column":null}},"23":{"start":{"line":71,"column":23},"end":{"line":77,"column":null}},"24":{"start":{"line":72,"column":8},"end":{"line":72,"column":null}},"25":{"start":{"line":73,"column":2},"end":{"line":75,"column":null}},"26":{"start":{"line":74,"column":4},"end":{"line":74,"column":null}},"27":{"start":{"line":76,"column":2},"end":{"line":76,"column":null}}},"fnMap":{"0":{"name":"(anonymous_0)","decl":{"start":{"line":17,"column":69},"end":{"line":17,"column":70}},"loc":{"start":{"line":19,"column":6},"end":{"line":68,"column":null}},"line":19},"1":{"name":"(anonymous_1)","decl":{"start":{"line":23,"column":12},"end":{"line":23,"column":18}},"loc":{"start":{"line":23,"column":18},"end":{"line":30,"column":5}},"line":23},"2":{"name":"(anonymous_2)","decl":{"start":{"line":32,"column":16},"end":{"line":32,"column":23}},"loc":{"start":{"line":32,"column":53},"end":{"line":37,"column":null}},"line":32},"3":{"name":"(anonymous_3)","decl":{"start":{"line":39,"column":17},"end":{"line":39,"column":24}},"loc":{"start":{"line":39,"column":65},"end":{"line":42,"column":null}},"line":39},"4":{"name":"(anonymous_4)","decl":{"start":{"line":44,"column":17},"end":{"line":44,"column":23}},"loc":{"start":{"line":44,"column":23},"end":{"line":47,"column":null}},"line":44},"5":{"name":"(anonymous_5)","decl":{"start":{"line":49,"column":18},"end":{"line":49,"column":19}},"loc":{"start":{"line":49,"column":45},"end":{"line":51,"column":null}},"line":49},"6":{"name":"(anonymous_6)","decl":{"start":{"line":71,"column":23},"end":{"line":71,"column":29}},"loc":{"start":{"line":71,"column":29},"end":{"line":77,"column":null}},"line":71}},"branchMap":{"0":{"loc":{"start":{"line":26,"column":4},"end":{"line":28,"column":null}},"type":"if","locations":[{"start":{"line":26,"column":4},"end":{"line":28,"column":null}},{"start":{},"end":{}}],"line":26},"1":{"loc":{"start":{"line":50,"column":11},"end":{"line":50,"column":null}},"type":"binary-expr","locations":[{"start":{"line":50,"column":11},"end":{"line":50,"col
[...]
"column":null}},"17":{"start":{"line":56,"column":21},"end":{"line":56,"column":null}},"18":{"start":{"line":57,"column":4},"end":{"line":57,"column":null}},"19":{"start":{"line":64,"column":21},"end":{"line":64,"column":null}},"20":{"start":{"line":65,"column":4},"end":{"line":65,"column":null}},"21":{"start":{"line":69,"column":4},"end":{"line":69,"column":null}},"22":{"start":{"line":76,"column":21},"end":{"line":78,"column":null}},"23":{"start":{"line":79,"column":4},"end":{"line":79,"column":null}}},"fnMap":{"0":{"name":"(anonymous_0)","decl":{"start":{"line":5,"column":10},"end":{"line":5,"column":48}},"loc":{"start":{"line":5,"column":48},"end":{"line":8,"column":null}},"line":5},"1":{"name":"(anonymous_1)","decl":{"start":{"line":10,"column":11},"end":{"line":10,"column":18}},"loc":{"start":{"line":10,"column":57},"end":{"line":13,"column":null}},"line":10},"2":{"name":"(anonymous_2)","decl":{"start":{"line":15,"column":12},"end":{"line":15,"column":19}},"loc":{"start":{"line":15,"column":59},"end":{"line":18,"column":null}},"line":15},"3":{"name":"(anonymous_3)","decl":{"start":{"line":20,"column":18},"end":{"line":20,"column":25}},"loc":{"start":{"line":20,"column":75},"end":{"line":25,"column":null}},"line":20},"4":{"name":"(anonymous_4)","decl":{"start":{"line":27,"column":17},"end":{"line":27,"column":24}},"loc":{"start":{"line":27,"column":71},"end":{"line":32,"column":null}},"line":27},"5":{"name":"(anonymous_5)","decl":{"start":{"line":34,"column":15},"end":{"line":34,"column":53}},"loc":{"start":{"line":34,"column":53},"end":{"line":39,"column":null}},"line":34},"6":{"name":"(anonymous_6)","decl":{"start":{"line":41,"column":14},"end":{"line":41,"column":52}},"loc":{"start":{"line":41,"column":52},"end":{"line":46,"column":null}},"line":41},"7":{"name":"(anonymous_7)","decl":{"start":{"line":48,"column":19},"end":{"line":48,"column":26}},"loc":{"start":{"line":48,"column":74},"end":{"line":53,"column":null}},"line":48},"8":{"name":"(anonymous_8)","decl":{"start":{"line":55,"column":10},"end":{"line":55,"column":17}},"loc":{"start":{"line":55,"column":72},"end":{"line":58,"column":null}},"line":55},"9":{"name":"(anonymous_9)","decl":{"start":{"line":60,"column":10},"end":{"line":60,"column":null}},"loc":{"start":{"line":63,"column":31},"end":{"line":66,"column":null}},"line":63},"10":{"name":"(anonymous_10)","decl":{"start":{"line":68,"column":10},"end":{"line":68,"column":17}},"loc":{"start":{"line":68,"column":47},"end":{"line":70,"column":null}},"line":68},"11":{"name":"(anonymous_11)","decl":{"start":{"line":72,"column":18},"end":{"line":72,"column":null}},"loc":{"start":{"line":75,"column":31},"end":{"line":80,"column":null}},"line":75}},"branchMap":{"0":{"loc":{"start":{"line":48,"column":26},"end":{"line":48,"column":74}},"type":"default-arg","locations":[{"start":{"line":48,"column":41},"end":{"line":48,"column":74}}],"line":48}},"s":{"0":1,"1":3,"2":2,"3":2,"4":1,"5":2,"6":1,"7":2,"8":2,"9":2,"10":2,"11":2,"12":2,"13":1,"14":1,"15":2,"16":2,"17":3,"18":1,"19":2,"20":1,"21":2,"22":4,"23":2},"f":{"0":3,"1":2,"2":2,"3":2,"4":2,"5":2,"6":1,"7":2,"8":3,"9":2,"10":2,"11":4},"b":{"0":[2]},"meta":{"lastBranch":1,"lastFunction":12,"lastStatement":24,"seen":{"s:4:32:81:Infinity":0,"f:5:10:5:48":0,"s:6:21:6:Infinity":1,"s:7:4:7:Infinity":2,"f:10:11:10:18":1,"s:11:21:11:Infinity":3,"s:12:4:12:Infinity":4,"f:15:12:15:19":2,"s:16:21:16:Infinity":5,"s:17:4:17:Infinity":6,"f:20:18:20:25":3,"s:21:21:23:Infinity":7,"s:24:4:24:Infinity":8,"f:27:17:27:24":4,"s:28:21:30:Infinity":9,"s:31:4:31:Infinity":10,"f:34:15:34:53":5,"s:35:21:37:Infinity":11,"s:38:4:38:Infinity":12,"f:41:14:41:52":6,"s:42:21:44:Infinity":13,"s:45:4:45:Infinity":14,"f:48:19:48:26":7,"b:48:41:48:74":0,"s:49:21:51:Infinity":15,"s:52:4:52:Infinity":16,"f:55:10:55:17":8,"s:56:21:56:Infinity":17,"s:57:4:57:Infinity":18,"f:60:10:60:Infinity":9,"s:64:21:64:Infinity":19,"s:65:4:65:Infinity":20,"f:68:10:68:17":10,"s:69:4:69:Infinity":21,"f:72:18:72:Infinity":11,"s:76:21:78:Infinity":22,"s:79:4:79:Infinity":23}}}
,"/Users/muhiddin/projects/mktekhub/mktekhub-frontend/src/services/stockActivityService.ts": {"path":"/Users/muhiddin/projects/mktekhub/mktekhub-frontend/src/services/stockActivityService.ts","statementMap":{"0":{"start":{"line":4,"column":36},"end":{"line":69,"column":null}},"1":{"start":{"line":6,"column":21},"end":{"line":6,"column":null}},"2":{"start":{"line":7,"column":4},"end":{"line":7,"column":null}},"3":{"start":{"line":11,"column":21},"end":{"line":11,"column":null}},"4":{"start":{"line":12,"column":4},"end":{"line":12,"column":null}},"5":{"start":{"line":16,"column":21},"end":{"line":18,"column":null}},"6":{"start":{"line":19,"column":4},"end":{"line":19,"column":null}},"7":{"start":{"line":23,"column":21},"end":{"line":25,"column":null}},"8":{"start":{"line":26,"column":4},"end":{"line":26,"column":null}},"9":{"start":{"line":30,"column":21},"end":{"line":32,"column":null}},"10":{"start":{"line":33,"column":4},"end":{"line":33,"column":null}},"11":{"start":{"line":37,"column":21},"end":{"line":39,"column":null}},"12":{"start":{"line":40,"column":4},"end":{"line":40,"column":null}},"13":{"start":{"line":44,"column":21},"end":{"line":46,"column":null}},"14":{"start":{"line":47,"column":4},"end":{"line":47,"column":null}},"15":{"start":{"line":51,"column":21},"end":{"line":53,"column":null}},"16":{"start":{"line":54,"column":4},"end":{"line":54,"column":null}},"17":{"start":{"line":61,"column":21},"end":{"line":66,"column":null}},"18":{"start":{"line":67,"column":4},"end":{"line":67,"column":null}}},"fnMap":{"0":{"name":"(anonymous_0)","decl":{"start":{"line":5,"column":10},"end":{"line":5,"column":48}},"loc":{"start":{"line":5,"column":48},"end":{"line":8,"column":null}},"line":5},"1":{"name":"(anonymous_1)","decl":{"start":{"line":10,"column":11},"end":{"line":10,"column":18}},"loc":{"start":{"line":10,"column":57},"end":{"line":13,"column":null}},"line":10},"2":{"name":"(anonymous_2)","decl":{"start":{"line":15,"column":15},"end":{"line":15,"column":22}},"loc":{"start":{"line":15,"column":67},"end":{"line":20,"column":null}},"line":15},"3":{"name":"(anonymous_3)","decl":{"start":{"line":22,"column":16},"end":{"line":22,"column":23}},"loc":{"start":{"line":22,"column":65},"end":{"line":27,"column":null}},"line":22},"4":{"name":"(anonymous_4)","decl":{"start":{"line":29,"column":21},"end":{"line":29,"column":28}},"loc":{"start":{"line":29,"column":71},"end":{"line":34,"column":null}},"line":29},"5":{"name":"(anonymous_5)","decl":{"start":{"line":36,"column":15},"end":{"line":36,"column":22}},"loc":{"start":{"line":36,"column":67},"end":{"line":41,"column":null}},"line":36},"6":{"name":"(anonymous_6)","decl":{"start":{"line":43,"column":17},"end":{"line":43,"column":24}},"loc":{"start":{"line":43,"column":71},"end":{"line":48,"column":null}},"line":43},"7":{"name":"(anonymous_7)","decl":{"start":{"line":50,"column":18},"end":{"line":50,"column":25}},"loc":{"start":{"line":50,"column":75},"end":{"line":55,"column":null}},"line":50},"8":{"name":"(anonymous_8)","decl":{"start":{"line":57,"column":18},"end":{"line":57,"column":null}},"loc":{"start":{"line":60,"column":33},"end":{"line":68,"column":null}},"line":60}},"branchMap":{},"s":{"0":1,"1":3,"2":2,"3":3,"4":1,"5":3,"6":2,"7":3,"8":3,"9":4,"10":4,"11":3,"12":2,"13":3,"14":3,"15":3,"16":2,"17":5,"18":3},"f":{"0":3,"1":3,"2":3,"3":3,"4":4,"5":3,"6":3,"7":3,"8":5},"b":{},"meta":{"lastBranch":0,"lastFunction":9,"lastStatement":19,"seen":{"s:4:36:69:Infinity":0,"f:5:10:5:48":0,"s:6:21:6:Infinity":1,"s:7:4:7:Infinity":2,"f:10:11:10:18":1,"s:11:21:11:Infinity":3,"s:12:4:12:Infinity":4,"f:15:15:15:22":2,"s:16:21:18:Infinity":5,"s:19:4:19:Infinity":6,"f:22:16:22:23":3,"s:23:21:25:Infinity":7,"s:26:4:26:Infinity":8,"f:29:21:29:28":4,"s:30:21:32:Infinity":9,"s:33:4:33:Infinity":10,"f:36:15:36:22":5,"s:37:21:39:Infinity":11,"s:40:4:40:Infinity":12,"f:43:17:43:24":6,"s:44:21:46:Infinity":13,"s:47:4:47:Infinity":14,"f:50:18:50:25":7,"s:51:21:53:Infinity":15,"s:54:4:54:Infinity":16,"f:57:18:57:Infinity":8,"s:61:21:66:Infinity":17,"s:67:4:67:Infinity":18}}}
,"/Users/muhiddin/projects/mktekhub/mktekhub-frontend/src/services/warehouseService.ts": {"path":"/Users/muhiddin/projects/mktekhub/mktekhub-frontend/src/services/warehouseService.ts","statementMap":{"0":{"start":{"line":4,"column":32},"end":{"line":42,"column":null}},"1":{"start":{"line":6,"column":21},"end":{"line":6,"column":null}},"2":{"start":{"line":7,"column":4},"end":{"line":7,"column":null}},"3":{"start":{"line":11,"column":21},"end":{"line":11,"column":null}},"4":{"start":{"line":12,"column":4},"end":{"line":12,"column":null}},"5":{"start":{"line":16,"column":21},"end":{"line":16,"column":null}},"6":{"start":{"line":17,"column":4},"end":{"line":17,"column":null}},"7":{"start":{"line":21,"column":21},"end":{"line":21,"column":null}},"8":{"start":{"line":22,"column":4},"end":{"line":22,"column":null}},"9":{"start":{"line":26,"column":21},"end":{"line":26,"column":null}},"10":{"start":{"line":27,"column":4},"end":{"line":27,"column":null}},"11":{"start":{"line":31,"column":21},"end":{"line":31,"column":null}},"12":{"start":{"line":32,"column":4},"end":{"line":32,"column":null}},"13":{"start":{"line":36,"column":4},"end":{"line":36,"column":null}},"14":{"start":{"line":40,"column":4},"end":{"line":40,"column":null}}},"fnMap":{"0":{"name":"(anonymous_0)","decl":{"start":{"line":5,"column":10},"end":{"line":5,"column":44}},"loc":{"start":{"line":5,"column":44},"end":{"line":8,"column":null}},"line":5},"1":{"name":"(anonymous_1)","decl":{"start":{"line":10,"column":13},"end":{"line":10,"column":47}},"loc":{"start":{"line":10,"column":47},"end":{"line":13,"column":null}},"line":10},"2":{"name":"(anonymous_2)","decl":{"start":{"line":15,"column":11},"end":{"line":15,"column":18}},"loc":{"start":{"line":15,"column":53},"end":{"line":18,"column":null}},"line":15},"3":{"name":"(anonymous_3)","decl":{"start":{"line":20,"column":17},"end":{"line":20,"column":51}},"loc":{"start":{"line":20,"column":51},"end":{"line":23,"column":null}},"line":20},"4":{"name":"(anonymous_4)","decl":{"start":{"line":25,"column":10},"end":{"line":25,"column":17}},"loc":{"start":{"line":25,"column":64},"end":{"line":28,"column":null}},"line":25},"5":{"name":"(anonymous_5)","decl":{"start":{"line":30,"column":10},"end":{"line":30,"column":17}},"loc":{"start":{"line":30,"column":76},"end":{"line":33,"column":null}},"line":30},"6":{"name":"(anonymous_6)","decl":{"start":{"line":35,"column":10},"end":{"line":35,"column":17}},"loc":{"start":{"line":35,"column":47},"end":{"line":37,"column":null}},"line":35},"7":{"name":"(anonymous_7)","decl":{"start":{"line":39,"column":19},"end":{"line":39,"column":26}},"loc":{"start":{"line":39,"column":56},"end":{"line":41,"column":null}},"line":39}},"branchMap":{},"s":{"0":1,"1":3,"2":2,"3":3,"4":2,"5":3,"6":1,"7":3,"8":2,"9":4,"10":2,"11":3,"12":1,"13":3,"14":4},"f":{"0":3,"1":3,"2":3,"3":3,"4":4,"5":3,"6":3,"7":4},"b":{},"meta":{"lastBranch":0,"lastFunction":8,"lastStatement":15,"seen":{"s:4:32:42:Infinity":0,"f:5:10:5:44":0,"s:6:21:6:Infinity":1,"s:7:4:7:Infinity":2,"f:10:13:10:47":1,"s:11:21:11:Infinity":3,"s:12:4:12:Infinity":4,"f:15:11:15:18":2,"s:16:21:16:Infinity":5,"s:17:4:17:Infinity":6,"f:20:17:20:51":3,"s:21:21:21:Infinity":7,"s:22:4:22:Infinity":8,"f:25:10:25:17":4,"s:26:21:26:Infinity":9,"s:27:4:27:Infinity":10,"f:30:10:30:17":5,"s:31:21:31:Infinity":11,"s:32:4:32:Infinity":12,"f:35:10:35:17":6,"s:36:4:36:Infinity":13,"f:39:19:39:26":7,"s:40:4:40:Infinity":14}}}
,"/Users/muhiddin/projects/mktekhub/mktekhub-frontend/src/types/filters.ts": {"path":"/Users/muhiddin/projects/mktekhub/mktekhub-frontend/src/types/filters.ts","statementMap":{"0":{"start":{"line":32,"column":54},"end":{"line":42,"column":null}}},"fnMap":{},"branchMap":{},"s":{"0":1},"f":{},"b":{},"meta":{"lastBranch":0,"lastFunction":0,"lastStatement":1,"seen":{"s:32:54:42:Infinity":0}}}
,"/Users/muhiddin/projects/mktekhub/mktekhub-frontend/src/utils/dateUtils.ts": {"path":"/Users/muhiddin/projects/mktekhub/mktekhub-frontend/src/utils/dateUtils.ts","statementMap":{"0":{"start":{"line":13,"column":35},"end":{"line":30,"column":null}},"1":{"start":{"line":18,"column":2},"end":{"line":18,"column":null}},"2":{"start":{"line":18,"column":23},"end":{"line":18,"column":null}},"3":{"start":{"line":19,"column":2},"end":{"line":19,"column":null}},"4":{"start":{"line":19,"column":17},"end":{"line":19,"column":null}},"5":{"start":{"line":21,"column":18},"end":{"line":21,"column":null}},"6":{"start":{"line":22,"column":16},"end":{"line":22,"column":null}},"7":{"start":{"line":23,"column":30},"end":{"line":25,"column":null}},"8":{"start":{"line":27,"column":2},"end":{"line":27,"column":null}},"9":{"start":{"line":27,"column":31},"end":{"line":27,"column":null}},"10":{"start":{"line":28,"column":2},"end":{"line":28,"column":null}},"11":{"start":{"line":28,"column":42},"end":{"line":28,"column":null}},"12":{"start":{"line":29,"column":2},"end":{"line":29,"column":null}},"13":{"start":{"line":35,"column":38},"end":{"line":45,"column":null}},"14":{"start":{"line":38,"column":2},"end":{"line":38,"column":null}},"15":{"start":{"line":38,"column":23},"end":{"line":38,"column":null}},"16":{"start":{"line":40,"column":18},"end":{"line":40,"column":null}},"17":{"start":{"line":41,"column":16},"end":{"line":41,"column":null}},"18":{"start":{"line":42,"column":2},"end":{"line":44,"column":null}},"19":{"start":{"line":50,"column":36},"end":{"line":57,"column":null}},"20":{"start":{"line":51,"column":15},"end":{"line":51,"column":null}},"21":{"start":{"line":52,"column":2},"end":{"line":56,"column":null}}},"fnMap":{"0":{"name":"(anonymous_0)","decl":{"start":{"line":13,"column":35},"end":{"line":13,"column":null}},"loc":{"start":{"line":17,"column":23},"end":{"line":30,"column":null}},"line":17},"1":{"name":"(anonymous_1)","decl":{"start":{"line":35,"column":38},"end":{"line":35,"column":null}},"loc":{"start":{"line":37,"column":20},"end":{"line":45,"column":null}},"line":37},"2":{"name":"(anonymous_2)","decl":{"start":{"line":50,"column":36},"end":{"line":50,"column":37}},"loc":{"start":{"line":50,"column":68},"end":{"line":57,"column":null}},"line":50}},"branchMap":{"0":{"loc":{"start":{"line":16,"column":2},"end":{"line":16,"column":null}},"type":"default-arg","locations":[{"start":{"line":16,"column":24},"end":{"line":16,"column":null}}],"line":16},"1":{"loc":{"start":{"line":18,"column":2},"end":{"line":18,"column":null}},"type":"if","locations":[{"start":{"line":18,"column":2},"end":{"line":18,"column":null}},{"start":{},"end":{}}],"line":18},"2":{"loc":{"start":{"line":19,"column":2},"end":{"line":19,"column":null}},"type":"if","locations":[{"start":{"line":19,"column":2},"end":{"line":19,"column":null}},{"start":{},"end":{}}],"line":19},"3":{"loc":{"start":{"line":27,"column":2},"end":{"line":27,"column":null}},"type":"if","locations":[{"start":{"line":27,"column":2},"end":{"line":27,"column":null}},{"start":{},"end":{}}],"line":27},"4":{"loc":{"start":{"line":28,"column":2},"end":{"line":28,"column":null}},"type":"if","locations":[{"start":{"line":28,"column":2},"end":{"line":28,"column":null}},{"start":{},"end":{}}],"line":28},"5":{"loc":{"start":{"line":38,"column":2},"end":{"line":38,"column":null}},"type":"if","locations":[{"start":{"line":38,"column":2},"end":{"line":38,"column":null}},{"start":{},"end":{}}],"line":38}},"s":{"0":1,"1":19,"2":2,"3":17,"4":1,"5":16,"6":16,"7":16,"8":16,"9":3,"10":13,"11":7,"12":6,"13":1,"14":15,"15":2,"16":13,"17":13,"18":13,"19":1,"20":13,"21":13},"f":{"0":19,"1":15,"2":13},"b":{"0":[19],"1":[2,17],"2":[1,16],"3":[3,13],"4":[7,6],"5":[2,13]},"meta":{"lastBranch":6,"lastFunction":3,"lastStatement":22,"seen":{"s:13:35:30:Infinity":0,"f:13:35:13:Infinity":0,"b:16:24:16:Infinity":0,"b:18:2:18:Infinity:undefined:undefined:undefined:undefined":1,"s:18:2:18:Infinity":1,"s:18:23:18:Infinity":2,"b:19:2:19:Infinity:undefined:undefined:undefined:undefined":2,"s:19:2:19:Infinity":3,"s:19:17:19:Infinity":4,"s:21:18:21:Infinity":5,"s:22:16:22:Infinity":6,"s:23:30:25:Infinity":7,"b:27:2:27:Infinity:undefined:undefined:undefined:undefined":3,"s:27:2:27:Infinity":8,"s:27:31:27:Infinity":9,"b:28:2:28:Infinity:undefined:undefined:undefined:undefined":4,"s:28:2:28:Infinity":10,"s:28:42:28:Infinity":11,"s:29:2:29:Infinity":12,"s:35:38:45:Infinity":13,"f:35:38:35:Infinity":1,"b:38:2:38:Infinity:undefined:undefined:undefined:undefined":5,"s:38:2:38:Infinity":14,"s:38:23:38:Infinity":15,"s:40:18:40:Infinity":16,"s:41:16:41:Infinity":17,"s:42:2:44:Infinity":18,"s:50:36:57:Infinity":19,"f:50:36:50:37":2,"s:51:15:51:Infinity":20,"s:52:2:56:Infinity":21}}}
,"/Users/muhiddin/projects/mktekhub/mktekhub-frontend/src/utils/errorHandler.ts": {"path":"/Users/muhiddin/projects/mktekhub/mktekhub-frontend/src/utils/errorHandler.ts","statementMap":{"0":{"start":{"line":17,"column":31},"end":{"line":36,"column":null}},"1":{"start":{"line":21,"column":2},"end":{"line":21,"column":null}},"2":{"start":{"line":21,"column":14},"end":{"line":21,"column":null}},"3":{"start":{"line":23,"column":19},"end":{"line":23,"column":null}},"4":{"start":{"line":26,"column":2},"end":{"line":28,"column":null}},"5":{"start":{"line":27,"column":4},"end":{"line":27,"column":null}},"6":{"start":{"line":31,"column":2},"end":{"line":33,"column":null}},"7":{"start":{"line":32,"column":4},"end":{"line":32,"column":null}},"8":{"start":{"line":35,"column":2},"end":{"line":35,"column":null}},"9":{"start":{"line":41,"column":42},"end":{"line":49,"column":null}},"10":{"start":{"line":45,"column":2},"end":{"line":48,"column":null}},"11":{"start":{"line":46,"column":20},"end":{"line":46,"column":null}},"12":{"start":{"line":47,"column":4},"end":{"line":47,"column":null}}},"fnMap":{"0":{"name":"(anonymous_0)","decl":{"start":{"line":17,"column":31},"end":{"line":17,"column":null}},"loc":{"start":{"line":20,"column":13},"end":{"line":36,"column":null}},"line":20},"1":{"name":"(anonymous_1)","decl":{"start":{"line":41,"column":42},"end":{"line":41,"column":null}},"loc":{"start":{"line":44,"column":5},"end":{"line":49,"column":null}},"line":44},"2":{"name":"(anonymous_2)","decl":{"start":{"line":45,"column":9},"end":{"line":45,"column":10}},"loc":{"start":{"line":45,"column":29},"end":{"line":48,"column":null}},"line":45}},"branchMap":{"0":{"loc":{"start":{"line":19,"column":2},"end":{"line":19,"column":null}},"type":"default-arg","locations":[{"start":{"line":19,"column":27},"end":{"line":19,"column":null}}],"line":19},"1":{"loc":{"start":{"line":21,"column":2},"end":{"line":21,"column":null}},"type":"if","locations":[{"start":{"line":21,"column":2},"end":{"line":21,"column":null}},{"start":{},"end":{}}],"line":21},"2":{"loc":{"start":{"line":26,"column":2},"end":{"line":28,"column":null}},"type":"if","locations":[{"start":{"line":26,"column":2},"end":{"line":28,"column":null}},{"start":{},"end":{}}],"line":26},"3":{"loc":{"start":{"line":31,"column":2},"end":{"line":33,"column":null}},"type":"if","locations":[{"start":{"line":31,"column":2},"end":{"line":33,"column":null}},{"start":{},"end":{}}],"line":31}},"s":{"0":1,"1":29,"2":5,"3":24,"4":24,"5":7,"6":17,"7":12,"8":5,"9":1,"10":10,"11":11,"12":11},"f":{"0":29,"1":10,"2":11},"b":{"0":[29],"1":[5,24],"2":[7,17],"3":[12,5]},"meta":{"lastBranch":4,"lastFunction":3,"lastStatement":13,"seen":{"s:17:31:36:Infinity":0,"f:17:31:17:Infinity":0,"b:19:27:19:Infinity":0,"b:21:2:21:Infinity:undefined:undefined:undefined:undefined":1,"s:21:2:21:Infinity":1,"s:21:14:21:Infinity":2,"s:23:19:23:Infinity":3,"b:26:2:28:Infinity:undefined:undefined:undefined:undefined":2,"s:26:2:28:Infinity":4,"s:27:4:27:Infinity":5,"b:31:2:33:Infinity:undefined:undefined:undefined:undefined":3,"s:31:2:33:Infinity":6,"s:32:4:32:Infinity":7,"s:35:2:35:Infinity":8,"s:41:42:49:Infinity":9,"f:41:42:41:Infinity":1,"s:45:2:48:Infinity":10,"f:45:9:45:10":2,"s:46:20:46:Infinity":11,"s:47:4:47:Infinity":12}}}
}
